#
# A fatal error has been detected by the Java Runtime Environment:
#
#  EXCEPTION_ACCESS_VIOLATION (0xc0000005) at pc=0x0000018a62d1942c, pid=12180, tid=11168
#
# JRE version: OpenJDK Runtime Environment Temurin-21.0.6+7 (21.0.6+7) (build 21.0.6+7-LTS)
# Java VM: OpenJDK 64-Bit Server VM Temurin-21.0.6+7 (21.0.6+7-LTS, mixed mode, emulated-client, sharing, tiered, compressed oops, compressed class ptrs, g1 gc, windows-amd64)
# Problematic frame:
# v  ~BufferBlob::MethodHandles adapters 0x0000018a62d1942c
#
# No core dump will be written. Minidumps are not enabled by default on client versions of Windows
#
# If you would like to submit a bug report, please visit:
#   https://github.com/adoptium/adoptium-support/issues
#

---------------  S U M M A R Y ------------

Command Line: -XX:+ShowCodeDetailsInExceptionMessages -agentlib:jdwp=transport=dt_socket,suspend=y,address=localhost:50466 -Dcom.sun.management.jmxremote -Dcom.sun.management.jmxremote.port=50465 -Dcom.sun.management.jmxremote.authenticate=false -Dcom.sun.management.jmxremote.ssl=false -Djava.rmi.server.hostname=localhost -Dspring.jmx.enabled=true -Dmanagement.endpoints.jmx.exposure.include=* -Dspring.application.admin.enabled=true -Dspring.output.ansi.enabled=always -XX:TieredStopAtLevel=1 -Dspring.boot.project.name=hachion -javaagent:C:\Users\laksh\Desktop\sts\sts-4.30.0.RELEASE\configuration\org.eclipse.osgi\270\0\.cp\lib\javaagent-shaded.jar -Dfile.encoding=UTF-8 -Dstdout.encoding=UTF-8 -Dstderr.encoding=UTF-8 com.hachionUserDashboard.HachionUserDashboardApplication

Host: 11th Gen Intel(R) Core(TM) i3-1115G4 @ 3.00GHz, 4 cores, 7G,  Windows 11 , 64 bit Build 26100 (10.0.26100.3323)
Time: Sat May  3 06:56:49 2025 India Standard Time elapsed time: 1619.033445 seconds (0d 0h 26m 59s)

---------------  T H R E A D  ---------------

Current thread (0x0000018a73869d00):  JavaThread "restartedMain"        [_thread_in_Java, id=11168, stack(0x00000050d7100000,0x00000050d7200000) (1024K)]

Stack: [0x00000050d7100000,0x00000050d7200000],  sp=0x00000050d71fcc38,  free space=1011k
Native frames: (J=compiled Java code, j=interpreted, Vv=VM code, C=native code)
C  0x0000018a62d1942c

The last pc belongs to _linkToSpecial (printed below).

siginfo: EXCEPTION_ACCESS_VIOLATION (0xc0000005), reading address 0xffffffffffffffff


Registers:
RAX=0x0000018a62cc9086, RBX=0x8a6fe42800000000, RCX=0x00000050d71fcc40, RDX=0x0000000000000002
RSP=0x00000050d71fcc38, RBP=0x00000050d71fcc88, RSI=0x0000018a6f1fc628, RDI=0x0000018a70b3d550
R8 =0x0000000000000004, R9 =0x0000000000000004, R10=0x00007ff83ccbe040, R11=0x0000018a000b5bd0
R12=0x0000000000000000, R13=0x00000050d71fcc38, R14=0x00000050d71fcca8, R15=0x0000018a73869d00
RIP=0x0000018a62d1942c, EFLAGS=0x0000000000010202

XMM[0]=0x0000000000000000 0x0000000000000000
XMM[1]=0x0000000000000000 0x0000000000000000
XMM[2]=0x0000000000000000 0x0000000000000000
XMM[3]=0x0000000000000000 0x0000000000000000
XMM[4]=0x0000000000000000 0x0000000000000000
XMM[5]=0x0000000000000000 0x0000000000000000
XMM[6]=0x0000000000000000 0x0000000000000000
XMM[7]=0x0000000000000000 0x0000000000000000
XMM[8]=0x0000000000000000 0x0000000000000000
XMM[9]=0x0000000000000000 0x0000000000000000
XMM[10]=0x0000000000000000 0x0000000000000000
XMM[11]=0x0000000000000000 0x0000000000000000
XMM[12]=0x0000000000000000 0x0000000000000000
XMM[13]=0x0000000000000000 0x0000000000000000
XMM[14]=0x0000000000000000 0x0000000000000000
XMM[15]=0x0000000000000000 0x0000000000000000
  MXCSR=0x00001fa0


Register to memory mapping:

RAX=0x0000018a62cc9086 is at code_begin+3078 in an Interpreter codelet
return entry points  [0x0000018a62cc8480, 0x0000018a62cca298]  7704 bytes
RBX=0x8a6fe42800000000 is an unknown value
RCX=0x00000050d71fcc40 is pointing into the stack for thread: 0x0000018a73869d00
RDX=0x0000000000000002 is an unknown value
RSP=0x00000050d71fcc38 is pointing into the stack for thread: 0x0000018a73869d00
RBP=0x00000050d71fcc88 is pointing into the stack for thread: 0x0000018a73869d00
RSI=0x0000018a6f1fc628 points into unknown readable memory: 0x88001c63e6216ba3 | a3 6b 21 e6 63 1c 00 88
RDI=0x0000018a70b3d550 points into unknown readable memory: 0x0000001800000070 | 70 00 00 00 18 00 00 00
R8 =0x0000000000000004 is an unknown value
R9 =0x0000000000000004 is an unknown value
R10=0x00007ff83ccbe040 jvm.dll
R11={method} {0x0000018a000b5bd8} 'newInvokeSpecial' '(Ljava/lang/Object;)Ljava/lang/Object;' in 'java/lang/invoke/DirectMethodHandle$Holder'
R12=0x0 is null
R13=0x00000050d71fcc38 is pointing into the stack for thread: 0x0000018a73869d00
R14=0x00000050d71fcca8 is pointing into the stack for thread: 0x0000018a73869d00
R15=0x0000018a73869d00 is a thread

Top of Stack: (sp=0x00000050d71fcc38)
0x00000050d71fcc38:   0000018a62cc9086 00000050d71fcc40
0x00000050d71fcc48:   0000018a0072b567 0000000000000004
0x00000050d71fcc58:   0000018a000b1088 00000000870136e8
0x00000050d71fcc68:   0000000084005600 0000018a000b5bd0
0x00000050d71fcc78:   00000050d71fcc38 00000050d71fccb0
0x00000050d71fcc88:   00000050d71fe230 0000018a630a4d83
0x00000050d71fcc98:   000000008a6fe330 000000008a6fe3d8
0x00000050d71fcca8:   000000008a6fe390 000000008a6fe0f0
0x00000050d71fccb8:   0000000000000000 00000050d71fe230
0x00000050d71fccc8:   0000018a635f44fc 0000000000000000
0x00000050d71fccd8:   0000000000000000 0000000000000000
0x00000050d71fcce8:   0000000000000000 0000000000000000
0x00000050d71fccf8:   0000000000000000 0000000000000000
0x00000050d71fcd08:   0000000000000000 0000000000000000
0x00000050d71fcd18:   0000000000000000 0000000000000000
0x00000050d71fcd28:   00000000840046f0 00000000870136e8
0x00000050d71fcd38:   000000008a6fdfb8 000000008a6fdfb8
0x00000050d71fcd48:   000000008a6fe0f0 000000008a6fe3c0
0x00000050d71fcd58:   000000008a6fe148 00000000870136e8
0x00000050d71fcd68:   0000000000000001 00000050d71fe230
0x00000050d71fcd78:   0000018a00000000 0000000000000000
0x00000050d71fcd88:   0000000000000000 000000008a6fe390
0x00000050d71fcd98:   0000018a630a5f5c 0000000000000000
0x00000050d71fcda8:   0000000000000000 0000000000000000
0x00000050d71fcdb8:   0000000000000000 0000018a73869d00
0x00000050d71fcdc8:   0000000000000000 000000008a6fe0f0
0x00000050d71fcdd8:   0000000000000000 000000008a6fdfb8
0x00000050d71fcde8:   000000008a6fe3c0 000000008a6fe0f0
0x00000050d71fcdf8:   0000000000000000 00000000871ce800
0x00000050d71fce08:   0000018a630a42b4 00000050d71fe230
0x00000050d71fce18:   0000018a6300cb6a 0000000000000000
0x00000050d71fce28:   0000018a62f04529 0000000000000000 

Instructions: (pc=0x0000018a62d1942c)
0x0000018a62d1932c:   8b 59 14 8b 5b 28 8b 5b 24 48 8b 5b 10 48 85 db
0x0000018a62d1933c:   0f 84 10 00 00 00 41 80 bf d8 05 00 00 00 74 03
0x0000018a62d1934c:   ff 63 38 ff 63 50 e9 a9 f6 ff ff 66 0f 1f 84 00
0x0000018a62d1935c:   00 00 00 00 48 8b 53 08 0f b7 52 2e 48 8b 0c d4
0x0000018a62d1936c:   58 5b 50 44 8b 51 08 49 bb 00 00 00 00 8a 01 00
0x0000018a62d1937c:   00 4d 03 d3 4c 8b 5b 10 4b 8b 9c da c0 01 00 00
0x0000018a62d1938c:   48 85 db 0f 84 10 00 00 00 41 80 bf d8 05 00 00
0x0000018a62d1939c:   00 74 03 ff 63 38 ff 63 50 e9 56 f6 ff ff 66 66
0x0000018a62d193ac:   66 0f 1f 84 00 00 00 00 00 66 66 66 90 0f 1f 80
0x0000018a62d193bc:   00 00 00 00 58 5b 50 8b 5b 24 48 8b 5b 10 48 85
0x0000018a62d193cc:   db 0f 84 10 00 00 00 41 80 bf d8 05 00 00 00 74
0x0000018a62d193dc:   03 ff 63 38 ff 63 50 e9 18 f6 ff ff 66 66 66 0f
0x0000018a62d193ec:   1f 84 00 00 00 00 00 66 66 66 90 66 0f 1f 84 00
0x0000018a62d193fc:   00 00 00 00 48 8b 53 08 0f b7 52 2e 48 8b 0c d4
0x0000018a62d1940c:   58 5b 50 48 3b 01 8b 5b 24 48 8b 5b 10 48 85 db
0x0000018a62d1941c:   0f 84 10 00 00 00 41 80 bf d8 05 00 00 00 74 03
0x0000018a62d1942c:   ff 63 38 ff 63 50 e9 c9 f5 ff ff 66 0f 1f 84 00
0x0000018a62d1943c:   00 00 00 00 48 8b 53 08 0f b7 52 2e 48 8b 0c d4
0x0000018a62d1944c:   58 5b 50 44 8b 51 08 49 bb 00 00 00 00 8a 01 00
0x0000018a62d1945c:   00 4d 03 d3 8b 43 18 48 8b 40 10 48 8b 5b 10 45
0x0000018a62d1946c:   8b 9a a0 00 00 00 4f 8d 9c da c0 01 00 00 4d 8d
0x0000018a62d1947c:   14 da 49 8b 1b 48 3b c3 74 15 48 85 db 0f 84 32
0x0000018a62d1948c:   00 00 00 49 83 c3 10 49 8b 1b 48 3b c3 75 eb 45
0x0000018a62d1949c:   8b 5b 08 4b 8b 1c 1a 48 85 db 0f 84 10 00 00 00
0x0000018a62d194ac:   41 80 bf d8 05 00 00 00 74 03 ff 63 38 ff 63 50
0x0000018a62d194bc:   e9 3f f5 ff ff e9 3a f8 ff ff f4 00 00 00 00 00
0x0000018a62d194cc:   00 00 00 00 00 00 00 00 00 00 00 00 00 00 00 00
0x0000018a62d194dc:   00 00 00 00 00 00 00 00 00 00 00 00 00 00 00 00
0x0000018a62d194ec:   00 00 00 00 00 00 00 00 00 00 00 00 00 00 00 00
0x0000018a62d194fc:   00 00 00 00 00 00 00 00 00 00 00 00 00 00 00 00
0x0000018a62d1950c:   00 00 00 00 00 00 00 00 00 00 00 00 00 00 00 00
0x0000018a62d1951c:   00 00 00 00 00 00 00 00 00 00 00 00 00 00 00 00 


Stack slot to memory mapping:

stack at sp + 0 slots: 0x0000018a62cc9086 is at code_begin+3078 in an Interpreter codelet
return entry points  [0x0000018a62cc8480, 0x0000018a62cca298]  7704 bytes
stack at sp + 1 slots: 0x00000050d71fcc40 is pointing into the stack for thread: 0x0000018a73869d00
stack at sp + 2 slots: 0x0000018a0072b567 is pointing into metadata
stack at sp + 3 slots: 0x0000000000000004 is an unknown value
stack at sp + 4 slots: 0x0000018a000b1088 is pointing into metadata
stack at sp + 5 slots: 0x00000000870136e8 is an oop: java.lang.Class 
{0x00000000870136e8} - klass: 'java/lang/Class'
 - ---- fields (total size 14 words):
 - private volatile transient 'classRedefinedCount' 'I' @12  1 (0x00000001)
 - injected 'klass' 'J' @16  1692246564816 (0x0000018a01c15fd0)
 - injected 'array_klass' 'J' @24  0 (0x0000000000000000)
 - injected 'oop_size' 'I' @32  14 (0x0000000e)
 - injected 'static_oop_field_count' 'I' @36  0 (0x00000000)
 - private volatile transient 'cachedConstructor' 'Ljava/lang/reflect/Constructor;' @40  null (0x00000000)
 - private transient 'name' 'Ljava/lang/String;' @44  "com.hachionUserDashboard.service.Certificateimp"{0x0000000084c3e910} (0x84c3e910)
 - private transient 'module' 'Ljava/lang/Module;' @48  a 'java/lang/Module'{0x0000000086d01018} (0x86d01018)
 - private final 'classLoader' 'Ljava/lang/ClassLoader;' @52  a 'org/springframework/boot/devtools/restart/classloader/RestartClassLoader'{0x0000000086d000a0} (0x86d000a0)
 - private transient 'classData' 'Ljava/lang/Object;' @56  null (0x00000000)
 - private transient 'packageName' 'Ljava/lang/String;' @60  "com.hachionUserDashboard.service"{0x0000000084c3e968} (0x84c3e968)
 - private final 'componentType' 'Ljava/lang/Class;' @64  null (0x00000000)
 - private volatile transient 'reflectionData' 'Ljava/lang/ref/SoftReference;' @68  a 'java/lang/ref/SoftReference'{0x0000000087014750} (0x87014750)
 - private volatile transient 'genericInfo' 'Lsun/reflect/generics/repository/ClassRepository;' @72  null (0x00000000)
 - private volatile transient 'enumConstants' '[Ljava/lang/Object;' @76  null (0x00000000)
 - private volatile transient 'enumConstantDirectory' 'Ljava/util/Map;' @80  null (0x00000000)
 - private volatile transient 'annotationData' 'Ljava/lang/Class$AnnotationData;' @84  a 'java/lang/Class$AnnotationData'{0x00000000870147d0} (0x870147d0)
 - private volatile transient 'annotationType' 'Lsun/reflect/annotation/AnnotationType;' @88  null (0x00000000)
 - transient 'classValueMap' 'Ljava/lang/ClassValue$ClassValueMap;' @92  null (0x00000000)
 - injected 'protection_domain' 'Ljava/lang/Object;' @96  a 'java/security/ProtectionDomain'{0x0000000086d0ab80} (0x86d0ab80)
 - injected 'signers_name' 'Ljava/lang/Object;' @100  null (0x00000000)
 - injected 'source_file' 'Ljava/lang/Object;' @104  null (0x00000000)
 - injected '<init_lock>' 'Ljava/lang/Object;' @108  null (0x00000000)
 - signature: Lcom/hachionUserDashboard/service/Certificateimp;
 - ---- static fields (0):
stack at sp + 6 slots: 0x0000000084005600 is an oop: java.lang.Class 
{0x0000000084005600} - klass: 'java/lang/Class'
 - ---- fields (total size 14 words):
 - private volatile transient 'classRedefinedCount' 'I' @12  0 (0x00000000)
 - injected 'klass' 'J' @16  1692217838688 (0x0000018a000b0c60)
 - injected 'array_klass' 'J' @24  0 (0x0000000000000000)
 - injected 'oop_size' 'I' @32  14 (0x0000000e)
 - injected 'static_oop_field_count' 'I' @36  0 (0x00000000)
 - private volatile transient 'cachedConstructor' 'Ljava/lang/reflect/Constructor;' @40  null (0x00000000)
 - private transient 'name' 'Ljava/lang/String;' @44  null (0x00000000)
 - private transient 'module' 'Ljava/lang/Module;' @48  a 'java/lang/Module'{0x00000000846a3f10} (0x846a3f10)
 - private final 'classLoader' 'Ljava/lang/ClassLoader;' @52  null (0x00000000)
 - private transient 'classData' 'Ljava/lang/Object;' @56  null (0x00000000)
 - private transient 'packageName' 'Ljava/lang/String;' @60  null (0x00000000)
 - private final 'componentType' 'Ljava/lang/Class;' @64  null (0x00000000)
 - private volatile transient 'reflectionData' 'Ljava/lang/ref/SoftReference;' @68  null (0x00000000)
 - private volatile transient 'genericInfo' 'Lsun/reflect/generics/repository/ClassRepository;' @72  null (0x00000000)
 - private volatile transient 'enumConstants' '[Ljava/lang/Object;' @76  null (0x00000000)
 - private volatile transient 'enumConstantDirectory' 'Ljava/util/Map;' @80  null (0x00000000)
 - private volatile transient 'annotationData' 'Ljava/lang/Class$AnnotationData;' @84  null (0x00000000)
 - private volatile transient 'annotationType' 'Lsun/reflect/annotation/AnnotationType;' @88  null (0x00000000)
 - transient 'classValueMap' 'Ljava/lang/ClassValue$ClassValueMap;' @92  null (0x00000000)
 - injected 'protection_domain' 'Ljava/lang/Object;' @96  null (0x00000000)
 - injected 'signers_name' 'Ljava/lang/Object;' @100  null (0x00000000)
 - injected 'source_file' 'Ljava/lang/Object;' @104  null (0x00000000)
 - injected '<init_lock>' 'Ljava/lang/Object;' @108  null (0x00000000)
 - signature: Ljava/lang/invoke/DirectMethodHandle$Holder;
 - ---- static fields (0):
stack at sp + 7 slots: {method} {0x0000018a000b5bd8} 'newInvokeSpecial' '(Ljava/lang/Object;)Ljava/lang/Object;' in 'java/lang/invoke/DirectMethodHandle$Holder'

MethodHandle::interpreter_entry::_linkToSpecial [0x0000018a62d193e8, 0x0000018a62d19437] (79 bytes)
[MachCode]
  0x0000018a62d193e8: 6666 660f | 1f84 0000 | 0000 0066 | 6666 9066 | 0f1f 8400 | 0000 0000 | 488b 5308 | 0fb7 522e 
  0x0000018a62d19408: 488b 0cd4 | 585b 5048 | 3b01 8b5b | 2448 8b5b | 1048 85db | 0f84 1000 | 0000 4180 | bfd8 0500 
  0x0000018a62d19428: 0000 7403 | ff63 38ff | 6350 e9c9 | 
[/MachCode]

---------------  P R O C E S S  ---------------

Threads class SMR info:
_java_thread_list=0x0000018a738d4d90, length=28, elements={
0x0000018a6ac184e0, 0x0000018a6ac1d640, 0x0000018a6ac1f6d0, 0x0000018a6ac22130,
0x0000018a6ac2c430, 0x0000018a6f003b50, 0x0000018a6f0274c0, 0x0000018a6f0d1200,
0x0000018a6f17dfb0, 0x0000018a6f1877f0, 0x0000018a6f18de90, 0x0000018a6fb43db0,
0x0000018a6fc70260, 0x0000018a6fcb93f0, 0x0000018a6fd64c30, 0x0000018a6fd6a6c0,
0x0000018a6fce2320, 0x0000018a6fdbd810, 0x0000018a70244990, 0x0000018a721f4270,
0x0000018a721f5cb0, 0x0000018a721f2ec0, 0x0000018a7386b740, 0x0000018a73869d00,
0x0000018a7386b0b0, 0x0000018a7386d180, 0x0000018a7386aa20, 0x0000018a7386a390
}

Java Threads: ( => current thread )
  0x0000018a6ac184e0 JavaThread "Reference Handler"          daemon [_thread_blocked, id=8872, stack(0x00000050d7a00000,0x00000050d7b00000) (1024K)]
  0x0000018a6ac1d640 JavaThread "Finalizer"                  daemon [_thread_blocked, id=14688, stack(0x00000050d7b00000,0x00000050d7c00000) (1024K)]
  0x0000018a6ac1f6d0 JavaThread "Signal Dispatcher"          daemon [_thread_blocked, id=10792, stack(0x00000050d7c00000,0x00000050d7d00000) (1024K)]
  0x0000018a6ac22130 JavaThread "Attach Listener"            daemon [_thread_blocked, id=20080, stack(0x00000050d7d00000,0x00000050d7e00000) (1024K)]
  0x0000018a6ac2c430 JavaThread "Service Thread"             daemon [_thread_blocked, id=12660, stack(0x00000050d7e00000,0x00000050d7f00000) (1024K)]
  0x0000018a6f003b50 JavaThread "Monitor Deflation Thread"   daemon [_thread_blocked, id=8476, stack(0x00000050d7f00000,0x00000050d8000000) (1024K)]
  0x0000018a6f0274c0 JavaThread "C1 CompilerThread0"         daemon [_thread_blocked, id=6140, stack(0x00000050d8000000,0x00000050d8100000) (1024K)]
  0x0000018a6f0d1200 JavaThread "Common-Cleaner"             daemon [_thread_blocked, id=10272, stack(0x00000050d8100000,0x00000050d8200000) (1024K)]
  0x0000018a6f17dfb0 JavaThread "JDWP Transport Listener: dt_socket" daemon [_thread_blocked, id=13620, stack(0x00000050d8300000,0x00000050d8400000) (1024K)]
  0x0000018a6f1877f0 JavaThread "JDWP Event Helper Thread"   daemon [_thread_blocked, id=7196, stack(0x00000050d8400000,0x00000050d8500000) (1024K)]
  0x0000018a6f18de90 JavaThread "JDWP Command Reader"        daemon [_thread_blocked, id=11240, stack(0x00000050d8500000,0x00000050d8600000) (1024K)]
  0x0000018a6fb43db0 JavaThread "Notification Thread"        daemon [_thread_blocked, id=8392, stack(0x00000050d8900000,0x00000050d8a00000) (1024K)]
  0x0000018a6fc70260 JavaThread "RMI TCP Accept-0"           daemon [_thread_in_native, id=20740, stack(0x00000050d8b00000,0x00000050d8c00000) (1024K)]
  0x0000018a6fcb93f0 JavaThread "RMI TCP Accept-50465"       daemon [_thread_in_native, id=3920, stack(0x00000050d8c00000,0x00000050d8d00000) (1024K)]
  0x0000018a6fd64c30 JavaThread "RMI Scheduler(0)"           daemon [_thread_blocked, id=17076, stack(0x00000050d8e00000,0x00000050d8f00000) (1024K)]
  0x0000018a6fd6a6c0 JavaThread "RMI TCP Connection(idle)"   daemon [_thread_blocked, id=10180, stack(0x00000050d8f00000,0x00000050d9000000) (1024K)]
  0x0000018a6fce2320 JavaThread "JMX server connection timeout 32" daemon [_thread_blocked, id=16448, stack(0x00000050d9000000,0x00000050d9100000) (1024K)]
  0x0000018a6fdbd810 JavaThread "RMI TCP Accept-0"           daemon [_thread_in_native, id=9496, stack(0x00000050d9100000,0x00000050d9200000) (1024K)]
  0x0000018a70244990 JavaThread "mysql-cj-abandoned-connection-cleanup" daemon [_thread_blocked, id=10628, stack(0x00000050d9700000,0x00000050d9800000) (1024K)]
  0x0000018a721f4270 JavaThread "Live Reload Server"         daemon [_thread_in_native, id=5292, stack(0x00000050d9c00000,0x00000050d9d00000) (1024K)]
  0x0000018a721f5cb0 JavaThread "DestroyJavaVM"                     [_thread_blocked, id=7888, stack(0x00000050d7200000,0x00000050d7300000) (1024K)]
  0x0000018a721f2ec0 JavaThread "http-nio-0.0.0.0-8080-exec-3" daemon [_thread_blocked, id=14240, stack(0x00000050d9900000,0x00000050d9a00000) (1024K)]
  0x0000018a7386b740 JavaThread "Thread-11"                         [_thread_blocked, id=4640, stack(0x00000050d6f00000,0x00000050d7000000) (1024K)]
=>0x0000018a73869d00 JavaThread "restartedMain"                     [_thread_in_Java, id=11168, stack(0x00000050d7100000,0x00000050d7200000) (1024K)]
  0x0000018a7386b0b0 JavaThread "Catalina-utility-1"                [_thread_blocked, id=19276, stack(0x00000050d8200000,0x00000050d8300000) (1024K)]
  0x0000018a7386d180 JavaThread "Catalina-utility-2"                [_thread_blocked, id=18616, stack(0x00000050d8a00000,0x00000050d8b00000) (1024K)]
  0x0000018a7386aa20 JavaThread "container-0"                       [_thread_blocked, id=3284, stack(0x00000050d8d00000,0x00000050d8e00000) (1024K)]
  0x0000018a7386a390 JavaThread "HikariPool-4 housekeeper"   daemon [_thread_blocked, id=12784, stack(0x00000050d9200000,0x00000050d9300000) (1024K)]
Total: 28

Other Threads:
  0x0000018a6abfda80 VMThread "VM Thread"                           [id=18024, stack(0x00000050d7900000,0x00000050d7a00000) (1024K)] _threads_hazard_ptr=0x0000018a738d4d90
  0x0000018a6abede40 WatcherThread "VM Periodic Task Thread"        [id=21352, stack(0x00000050d7800000,0x00000050d7900000) (1024K)]
  0x0000018a5f2e8420 WorkerThread "GC Thread#0"                     [id=3448, stack(0x00000050d7300000,0x00000050d7400000) (1024K)]
  0x0000018a6fb43610 WorkerThread "GC Thread#1"                     [id=14712, stack(0x00000050d8600000,0x00000050d8700000) (1024K)]
  0x0000018a6fb53fe0 WorkerThread "GC Thread#2"                     [id=5064, stack(0x00000050d8700000,0x00000050d8800000) (1024K)]
  0x0000018a6fb54380 WorkerThread "GC Thread#3"                     [id=5568, stack(0x00000050d8800000,0x00000050d8900000) (1024K)]
  0x0000018a5f2fad40 ConcurrentGCThread "G1 Main Marker"            [id=9764, stack(0x00000050d7400000,0x00000050d7500000) (1024K)]
  0x0000018a5f2fb750 WorkerThread "G1 Conc#0"                       [id=17808, stack(0x00000050d7500000,0x00000050d7600000) (1024K)]
  0x0000018a6aab3080 ConcurrentGCThread "G1 Refine#0"               [id=12680, stack(0x00000050d7600000,0x00000050d7700000) (1024K)]
  0x0000018a6aab3b00 ConcurrentGCThread "G1 Service"                [id=15028, stack(0x00000050d7700000,0x00000050d7800000) (1024K)]
Total: 10

Threads with active compile tasks:
Total: 0

VM state: synchronizing (normal execution)

VM Mutex/Monitor currently owned by a thread:  ([mutex/lock_event])
[0x00007ff83ccae380] Threads_lock - owner thread: 0x0000018a6abfda80

Heap address: 0x0000000084000000, size: 1984 MB, Compressed Oops mode: 32-bit

CDS archive(s) mapped at: [0x0000018a00000000-0x0000018a00c80000-0x0000018a00c80000), size 13107200, SharedBaseAddress: 0x0000018a00000000, ArchiveRelocationMode: 1.
Compressed class space mapped at: 0x0000018a01000000-0x0000018a41000000, reserved size: 1073741824
Narrow klass base: 0x0000018a00000000, Narrow klass shift: 0, Narrow klass range: 0x100000000

GC Precious Log:
 CardTable entry size: 512
 Card Set container configuration: InlinePtr #cards 5 size 8 Array Of Cards #cards 12 size 40 Howl #buckets 4 coarsen threshold 1843 Howl Bitmap #cards 512 size 80 coarsen threshold 460 Card regions per heap region 1 cards per card region 2048
 CPUs: 4 total, 4 available
 Memory: 7932M
 Large Page Support: Disabled
 NUMA Support: Disabled
 Compressed Oops: Enabled (32-bit)
 Heap Region Size: 1M
 Heap Min Capacity: 8M
 Heap Initial Capacity: 124M
 Heap Max Capacity: 1984M
 Pre-touch: Disabled
 Parallel Workers: 4
 Concurrent Workers: 1
 Concurrent Refinement Workers: 4
 Periodic GC: Disabled

Heap:
 garbage-first heap   total 133120K, used 83420K [0x0000000084000000, 0x0000000100000000)
  region size 1024K, 33 young (33792K), 4 survivors (4096K)
 Metaspace       used 89116K, committed 90048K, reserved 1179648K
  class space    used 12270K, committed 12800K, reserved 1048576K

Heap Regions: E=young(eden), S=young(survivor), O=old, HS=humongous(starts), HC=humongous(continues), CS=collection set, F=free, TAMS=top-at-mark-start, PB=parsable bottom
|   0|0x0000000084000000, 0x00000000840fffe8, 0x0000000084100000| 99%| O|  |TAMS 0x0000000084000000| PB 0x0000000084000000| Untracked 
|   1|0x0000000084100000, 0x0000000084200000, 0x0000000084200000|100%|HS|  |TAMS 0x0000000084100000| PB 0x0000000084100000| Complete 
|   2|0x0000000084200000, 0x0000000084300000, 0x0000000084300000|100%| O|  |TAMS 0x0000000084200000| PB 0x0000000084200000| Untracked 
|   3|0x0000000084300000, 0x0000000084400000, 0x0000000084400000|100%| O|  |TAMS 0x0000000084300000| PB 0x0000000084300000| Untracked 
|   4|0x0000000084400000, 0x00000000844fffd0, 0x0000000084500000| 99%| O|  |TAMS 0x0000000084400000| PB 0x0000000084400000| Untracked 
|   5|0x0000000084500000, 0x0000000084600000, 0x0000000084600000|100%| O|  |TAMS 0x0000000084500000| PB 0x0000000084500000| Untracked 
|   6|0x0000000084600000, 0x00000000846ffff8, 0x0000000084700000| 99%| O|  |TAMS 0x0000000084600000| PB 0x0000000084600000| Untracked 
|   7|0x0000000084700000, 0x0000000084800000, 0x0000000084800000|100%| O|  |TAMS 0x0000000084700000| PB 0x0000000084700000| Untracked 
|   8|0x0000000084800000, 0x00000000848fffd0, 0x0000000084900000| 99%| O|  |TAMS 0x0000000084800000| PB 0x0000000084800000| Untracked 
|   9|0x0000000084900000, 0x00000000849fd9b8, 0x0000000084a00000| 99%| O|  |TAMS 0x0000000084900000| PB 0x0000000084900000| Untracked 
|  10|0x0000000084a00000, 0x0000000084afcc18, 0x0000000084b00000| 98%| O|  |TAMS 0x0000000084a00000| PB 0x0000000084a00000| Untracked 
|  11|0x0000000084b00000, 0x0000000084bffff8, 0x0000000084c00000| 99%| O|  |TAMS 0x0000000084b00000| PB 0x0000000084b00000| Untracked 
|  12|0x0000000084c00000, 0x0000000084cffff8, 0x0000000084d00000| 99%| O|  |TAMS 0x0000000084c00000| PB 0x0000000084c00000| Untracked 
|  13|0x0000000084d00000, 0x0000000084dfffe8, 0x0000000084e00000| 99%| O|  |TAMS 0x0000000084d00000| PB 0x0000000084d00000| Untracked 
|  14|0x0000000084e00000, 0x0000000084effff0, 0x0000000084f00000| 99%| O|  |TAMS 0x0000000084e00000| PB 0x0000000084e00000| Untracked 
|  15|0x0000000084f00000, 0x0000000084ffffe8, 0x0000000085000000| 99%| O|  |TAMS 0x0000000084f00000| PB 0x0000000084f00000| Untracked 
|  16|0x0000000085000000, 0x00000000850fffc0, 0x0000000085100000| 99%| O|  |TAMS 0x0000000085000000| PB 0x0000000085000000| Untracked 
|  17|0x0000000085100000, 0x00000000851ffff0, 0x0000000085200000| 99%| O|  |TAMS 0x0000000085100000| PB 0x0000000085100000| Untracked 
|  18|0x0000000085200000, 0x00000000852fffd8, 0x0000000085300000| 99%| O|  |TAMS 0x0000000085200000| PB 0x0000000085200000| Untracked 
|  19|0x0000000085300000, 0x0000000085400000, 0x0000000085400000|100%| O|  |TAMS 0x0000000085300000| PB 0x0000000085300000| Untracked 
|  20|0x0000000085400000, 0x00000000854fffd0, 0x0000000085500000| 99%| O|  |TAMS 0x0000000085400000| PB 0x0000000085400000| Untracked 
|  21|0x0000000085500000, 0x00000000855fffe8, 0x0000000085600000| 99%| O|  |TAMS 0x0000000085500000| PB 0x0000000085500000| Untracked 
|  22|0x0000000085600000, 0x0000000085700000, 0x0000000085700000|100%| O|  |TAMS 0x0000000085600000| PB 0x0000000085600000| Untracked 
|  23|0x0000000085700000, 0x00000000857fff38, 0x0000000085800000| 99%| O|  |TAMS 0x0000000085700000| PB 0x0000000085700000| Untracked 
|  24|0x0000000085800000, 0x00000000858ffff0, 0x0000000085900000| 99%| O|  |TAMS 0x0000000085800000| PB 0x0000000085800000| Untracked 
|  25|0x0000000085900000, 0x00000000859fffe8, 0x0000000085a00000| 99%| O|  |TAMS 0x0000000085900000| PB 0x0000000085900000| Untracked 
|  26|0x0000000085a00000, 0x0000000085affff0, 0x0000000085b00000| 99%| O|  |TAMS 0x0000000085a00000| PB 0x0000000085a00000| Untracked 
|  27|0x0000000085b00000, 0x0000000085bff470, 0x0000000085c00000| 99%| O|  |TAMS 0x0000000085b00000| PB 0x0000000085b00000| Untracked 
|  28|0x0000000085c00000, 0x0000000085cfe680, 0x0000000085d00000| 99%| O|  |TAMS 0x0000000085c00000| PB 0x0000000085c00000| Untracked 
|  29|0x0000000085d00000, 0x0000000085dffff8, 0x0000000085e00000| 99%| O|  |TAMS 0x0000000085d00000| PB 0x0000000085d00000| Untracked 
|  30|0x0000000085e00000, 0x0000000085effff0, 0x0000000085f00000| 99%| O|  |TAMS 0x0000000085e00000| PB 0x0000000085e00000| Untracked 
|  31|0x0000000085f00000, 0x0000000085fffff8, 0x0000000086000000| 99%| O|  |TAMS 0x0000000085f00000| PB 0x0000000085f00000| Untracked 
|  32|0x0000000086000000, 0x00000000860ffff8, 0x0000000086100000| 99%| O|  |TAMS 0x0000000086000000| PB 0x0000000086000000| Untracked 
|  33|0x0000000086100000, 0x00000000861fffd8, 0x0000000086200000| 99%| O|  |TAMS 0x0000000086100000| PB 0x0000000086100000| Untracked 
|  34|0x0000000086200000, 0x00000000862ffff0, 0x0000000086300000| 99%| O|  |TAMS 0x0000000086200000| PB 0x0000000086200000| Untracked 
|  35|0x0000000086300000, 0x00000000863fff60, 0x0000000086400000| 99%| O|  |TAMS 0x0000000086300000| PB 0x0000000086300000| Untracked 
|  36|0x0000000086400000, 0x0000000086500000, 0x0000000086500000|100%| O|  |TAMS 0x0000000086400000| PB 0x0000000086400000| Untracked 
|  37|0x0000000086500000, 0x00000000865fffe0, 0x0000000086600000| 99%| O|  |TAMS 0x0000000086500000| PB 0x0000000086500000| Untracked 
|  38|0x0000000086600000, 0x0000000086700000, 0x0000000086700000|100%| O|  |TAMS 0x0000000086600000| PB 0x0000000086600000| Untracked 
|  39|0x0000000086700000, 0x0000000086792e10, 0x0000000086800000| 57%| O|Cm|TAMS 0x0000000086700000| PB 0x0000000086700000| Complete 
|  40|0x0000000086800000, 0x00000000868ffff0, 0x0000000086900000| 99%| O|  |TAMS 0x0000000086800000| PB 0x0000000086800000| Untracked 
|  41|0x0000000086900000, 0x0000000086a00000, 0x0000000086a00000|100%| O|  |TAMS 0x0000000086900000| PB 0x0000000086900000| Untracked 
|  42|0x0000000086a00000, 0x0000000086af7540, 0x0000000086b00000| 96%| O|  |TAMS 0x0000000086a00000| PB 0x0000000086a00000| Untracked 
|  43|0x0000000086b00000, 0x0000000086b00000, 0x0000000086c00000|  0%| F|  |TAMS 0x0000000086b00000| PB 0x0000000086b00000| Untracked 
|  44|0x0000000086c00000, 0x0000000086c51be0, 0x0000000086d00000| 31%| O|  |TAMS 0x0000000086c00000| PB 0x0000000086c00000| Untracked 
|  45|0x0000000086d00000, 0x0000000086e00000, 0x0000000086e00000|100%| O|  |TAMS 0x0000000086d00000| PB 0x0000000086d00000| Untracked 
|  46|0x0000000086e00000, 0x0000000086f00000, 0x0000000086f00000|100%| O|  |TAMS 0x0000000086e00000| PB 0x0000000086e00000| Untracked 
|  47|0x0000000086f00000, 0x0000000087000000, 0x0000000087000000|100%| O|  |TAMS 0x0000000086f00000| PB 0x0000000086f00000| Untracked 
|  48|0x0000000087000000, 0x0000000087100000, 0x0000000087100000|100%| O|  |TAMS 0x0000000087000000| PB 0x0000000087000000| Untracked 
|  49|0x0000000087100000, 0x0000000087200000, 0x0000000087200000|100%| O|  |TAMS 0x0000000087100000| PB 0x0000000087100000| Untracked 
|  50|0x0000000087200000, 0x00000000872ebd00, 0x0000000087300000| 92%| O|  |TAMS 0x0000000087200000| PB 0x0000000087200000| Untracked 
|  51|0x0000000087300000, 0x0000000087300000, 0x0000000087400000|  0%| F|  |TAMS 0x0000000087300000| PB 0x0000000087300000| Untracked 
|  52|0x0000000087400000, 0x0000000087400000, 0x0000000087500000|  0%| F|  |TAMS 0x0000000087400000| PB 0x0000000087400000| Untracked 
|  53|0x0000000087500000, 0x0000000087500000, 0x0000000087600000|  0%| F|  |TAMS 0x0000000087500000| PB 0x0000000087500000| Untracked 
|  54|0x0000000087600000, 0x0000000087600000, 0x0000000087700000|  0%| F|  |TAMS 0x0000000087600000| PB 0x0000000087600000| Untracked 
|  55|0x0000000087700000, 0x0000000087700000, 0x0000000087800000|  0%| F|  |TAMS 0x0000000087700000| PB 0x0000000087700000| Untracked 
|  56|0x0000000087800000, 0x0000000087800000, 0x0000000087900000|  0%| F|  |TAMS 0x0000000087800000| PB 0x0000000087800000| Untracked 
|  57|0x0000000087900000, 0x0000000087900000, 0x0000000087a00000|  0%| F|  |TAMS 0x0000000087900000| PB 0x0000000087900000| Untracked 
|  58|0x0000000087a00000, 0x0000000087b00000, 0x0000000087b00000|100%| O|  |TAMS 0x0000000087a00000| PB 0x0000000087a00000| Untracked 
|  59|0x0000000087b00000, 0x0000000087b00000, 0x0000000087c00000|  0%| F|  |TAMS 0x0000000087b00000| PB 0x0000000087b00000| Untracked 
|  60|0x0000000087c00000, 0x0000000087c00000, 0x0000000087d00000|  0%| F|  |TAMS 0x0000000087c00000| PB 0x0000000087c00000| Untracked 
|  61|0x0000000087d00000, 0x0000000087d00000, 0x0000000087e00000|  0%| F|  |TAMS 0x0000000087d00000| PB 0x0000000087d00000| Untracked 
|  62|0x0000000087e00000, 0x0000000087eb79c0, 0x0000000087f00000| 71%| S|CS|TAMS 0x0000000087e00000| PB 0x0000000087e00000| Complete 
|  63|0x0000000087f00000, 0x0000000088000000, 0x0000000088000000|100%| S|CS|TAMS 0x0000000087f00000| PB 0x0000000087f00000| Complete 
|  64|0x0000000088000000, 0x0000000088100000, 0x0000000088100000|100%| S|CS|TAMS 0x0000000088000000| PB 0x0000000088000000| Complete 
|  65|0x0000000088100000, 0x0000000088200000, 0x0000000088200000|100%| S|CS|TAMS 0x0000000088100000| PB 0x0000000088100000| Complete 
|  66|0x0000000088200000, 0x0000000088200000, 0x0000000088300000|  0%| F|  |TAMS 0x0000000088200000| PB 0x0000000088200000| Untracked 
|  67|0x0000000088300000, 0x0000000088300000, 0x0000000088400000|  0%| F|  |TAMS 0x0000000088300000| PB 0x0000000088300000| Untracked 
|  68|0x0000000088400000, 0x0000000088400000, 0x0000000088500000|  0%| F|  |TAMS 0x0000000088400000| PB 0x0000000088400000| Untracked 
|  69|0x0000000088500000, 0x0000000088500000, 0x0000000088600000|  0%| F|  |TAMS 0x0000000088500000| PB 0x0000000088500000| Untracked 
|  70|0x0000000088600000, 0x0000000088600000, 0x0000000088700000|  0%| F|  |TAMS 0x0000000088600000| PB 0x0000000088600000| Untracked 
|  71|0x0000000088700000, 0x0000000088700000, 0x0000000088800000|  0%| F|  |TAMS 0x0000000088700000| PB 0x0000000088700000| Untracked 
|  72|0x0000000088800000, 0x0000000088800000, 0x0000000088900000|  0%| F|  |TAMS 0x0000000088800000| PB 0x0000000088800000| Untracked 
|  73|0x0000000088900000, 0x0000000088900000, 0x0000000088a00000|  0%| F|  |TAMS 0x0000000088900000| PB 0x0000000088900000| Untracked 
|  74|0x0000000088a00000, 0x0000000088a00000, 0x0000000088b00000|  0%| F|  |TAMS 0x0000000088a00000| PB 0x0000000088a00000| Untracked 
|  75|0x0000000088b00000, 0x0000000088b00000, 0x0000000088c00000|  0%| F|  |TAMS 0x0000000088b00000| PB 0x0000000088b00000| Untracked 
|  76|0x0000000088c00000, 0x0000000088c00000, 0x0000000088d00000|  0%| F|  |TAMS 0x0000000088c00000| PB 0x0000000088c00000| Untracked 
|  77|0x0000000088d00000, 0x0000000088d00000, 0x0000000088e00000|  0%| F|  |TAMS 0x0000000088d00000| PB 0x0000000088d00000| Untracked 
|  78|0x0000000088e00000, 0x0000000088e00000, 0x0000000088f00000|  0%| F|  |TAMS 0x0000000088e00000| PB 0x0000000088e00000| Untracked 
|  79|0x0000000088f00000, 0x0000000088f00000, 0x0000000089000000|  0%| F|  |TAMS 0x0000000088f00000| PB 0x0000000088f00000| Untracked 
|  80|0x0000000089000000, 0x0000000089000000, 0x0000000089100000|  0%| F|  |TAMS 0x0000000089000000| PB 0x0000000089000000| Untracked 
|  81|0x0000000089100000, 0x0000000089100000, 0x0000000089200000|  0%| F|  |TAMS 0x0000000089100000| PB 0x0000000089100000| Untracked 
|  82|0x0000000089200000, 0x0000000089200000, 0x0000000089300000|  0%| F|  |TAMS 0x0000000089200000| PB 0x0000000089200000| Untracked 
|  83|0x0000000089300000, 0x0000000089300000, 0x0000000089400000|  0%| F|  |TAMS 0x0000000089300000| PB 0x0000000089300000| Untracked 
|  84|0x0000000089400000, 0x0000000089400000, 0x0000000089500000|  0%| F|  |TAMS 0x0000000089400000| PB 0x0000000089400000| Untracked 
|  85|0x0000000089500000, 0x0000000089500000, 0x0000000089600000|  0%| F|  |TAMS 0x0000000089500000| PB 0x0000000089500000| Untracked 
|  86|0x0000000089600000, 0x0000000089600000, 0x0000000089700000|  0%| F|  |TAMS 0x0000000089600000| PB 0x0000000089600000| Untracked 
|  87|0x0000000089700000, 0x0000000089700000, 0x0000000089800000|  0%| F|  |TAMS 0x0000000089700000| PB 0x0000000089700000| Untracked 
|  88|0x0000000089800000, 0x0000000089800000, 0x0000000089900000|  0%| F|  |TAMS 0x0000000089800000| PB 0x0000000089800000| Untracked 
|  89|0x0000000089900000, 0x0000000089900000, 0x0000000089a00000|  0%| F|  |TAMS 0x0000000089900000| PB 0x0000000089900000| Untracked 
|  90|0x0000000089a00000, 0x0000000089a00000, 0x0000000089b00000|  0%| F|  |TAMS 0x0000000089a00000| PB 0x0000000089a00000| Untracked 
|  91|0x0000000089b00000, 0x0000000089b00000, 0x0000000089c00000|  0%| F|  |TAMS 0x0000000089b00000| PB 0x0000000089b00000| Untracked 
|  92|0x0000000089c00000, 0x0000000089c00000, 0x0000000089d00000|  0%| F|  |TAMS 0x0000000089c00000| PB 0x0000000089c00000| Untracked 
|  93|0x0000000089d00000, 0x0000000089d00000, 0x0000000089e00000|  0%| F|  |TAMS 0x0000000089d00000| PB 0x0000000089d00000| Untracked 
|  94|0x0000000089e00000, 0x0000000089e00000, 0x0000000089f00000|  0%| F|  |TAMS 0x0000000089e00000| PB 0x0000000089e00000| Untracked 
|  95|0x0000000089f00000, 0x0000000089f00000, 0x000000008a000000|  0%| F|  |TAMS 0x0000000089f00000| PB 0x0000000089f00000| Untracked 
|  96|0x000000008a000000, 0x000000008a000000, 0x000000008a100000|  0%| F|  |TAMS 0x000000008a000000| PB 0x000000008a000000| Untracked 
|  97|0x000000008a100000, 0x000000008a100000, 0x000000008a200000|  0%| F|  |TAMS 0x000000008a100000| PB 0x000000008a100000| Untracked 
|  98|0x000000008a200000, 0x000000008a200000, 0x000000008a300000|  0%| F|  |TAMS 0x000000008a200000| PB 0x000000008a200000| Untracked 
|  99|0x000000008a300000, 0x000000008a300000, 0x000000008a400000|  0%| F|  |TAMS 0x000000008a300000| PB 0x000000008a300000| Untracked 
| 100|0x000000008a400000, 0x000000008a400000, 0x000000008a500000|  0%| F|  |TAMS 0x000000008a400000| PB 0x000000008a400000| Untracked 
| 101|0x000000008a500000, 0x000000008a58e258, 0x000000008a600000| 55%| E|  |TAMS 0x000000008a500000| PB 0x000000008a500000| Complete 
| 102|0x000000008a600000, 0x000000008a700000, 0x000000008a700000|100%| E|CS|TAMS 0x000000008a600000| PB 0x000000008a600000| Complete 
| 103|0x000000008a700000, 0x000000008a800000, 0x000000008a800000|100%| E|CS|TAMS 0x000000008a700000| PB 0x000000008a700000| Complete 
| 104|0x000000008a800000, 0x000000008a900000, 0x000000008a900000|100%| E|CS|TAMS 0x000000008a800000| PB 0x000000008a800000| Complete 
| 105|0x000000008a900000, 0x000000008aa00000, 0x000000008aa00000|100%| E|CS|TAMS 0x000000008a900000| PB 0x000000008a900000| Complete 
| 106|0x000000008aa00000, 0x000000008ab00000, 0x000000008ab00000|100%| E|CS|TAMS 0x000000008aa00000| PB 0x000000008aa00000| Complete 
| 107|0x000000008ab00000, 0x000000008ac00000, 0x000000008ac00000|100%| E|CS|TAMS 0x000000008ab00000| PB 0x000000008ab00000| Complete 
| 108|0x000000008ac00000, 0x000000008ad00000, 0x000000008ad00000|100%| E|CS|TAMS 0x000000008ac00000| PB 0x000000008ac00000| Complete 
| 109|0x000000008ad00000, 0x000000008ae00000, 0x000000008ae00000|100%| E|CS|TAMS 0x000000008ad00000| PB 0x000000008ad00000| Complete 
| 110|0x000000008ae00000, 0x000000008af00000, 0x000000008af00000|100%| E|CS|TAMS 0x000000008ae00000| PB 0x000000008ae00000| Complete 
| 111|0x000000008af00000, 0x000000008b000000, 0x000000008b000000|100%| E|CS|TAMS 0x000000008af00000| PB 0x000000008af00000| Complete 
| 112|0x000000008b000000, 0x000000008b100000, 0x000000008b100000|100%| E|CS|TAMS 0x000000008b000000| PB 0x000000008b000000| Complete 
| 113|0x000000008b100000, 0x000000008b200000, 0x000000008b200000|100%| E|CS|TAMS 0x000000008b100000| PB 0x000000008b100000| Complete 
| 114|0x000000008b200000, 0x000000008b300000, 0x000000008b300000|100%| E|CS|TAMS 0x000000008b200000| PB 0x000000008b200000| Complete 
| 115|0x000000008b300000, 0x000000008b400000, 0x000000008b400000|100%| E|CS|TAMS 0x000000008b300000| PB 0x000000008b300000| Complete 
| 116|0x000000008b400000, 0x000000008b500000, 0x000000008b500000|100%| E|CS|TAMS 0x000000008b400000| PB 0x000000008b400000| Complete 
| 117|0x000000008b500000, 0x000000008b600000, 0x000000008b600000|100%| E|CS|TAMS 0x000000008b500000| PB 0x000000008b500000| Complete 
| 118|0x000000008b600000, 0x000000008b700000, 0x000000008b700000|100%| E|CS|TAMS 0x000000008b600000| PB 0x000000008b600000| Complete 
| 119|0x000000008b700000, 0x000000008b800000, 0x000000008b800000|100%| E|CS|TAMS 0x000000008b700000| PB 0x000000008b700000| Complete 
| 120|0x000000008b800000, 0x000000008b900000, 0x000000008b900000|100%| E|CS|TAMS 0x000000008b800000| PB 0x000000008b800000| Complete 
| 121|0x000000008b900000, 0x000000008ba00000, 0x000000008ba00000|100%| E|CS|TAMS 0x000000008b900000| PB 0x000000008b900000| Complete 
| 122|0x000000008ba00000, 0x000000008bb00000, 0x000000008bb00000|100%| E|CS|TAMS 0x000000008ba00000| PB 0x000000008ba00000| Complete 
| 123|0x000000008bb00000, 0x000000008bc00000, 0x000000008bc00000|100%| E|CS|TAMS 0x000000008bb00000| PB 0x000000008bb00000| Complete 
| 124|0x000000008bc00000, 0x000000008bd00000, 0x000000008bd00000|100%| E|CS|TAMS 0x000000008bc00000| PB 0x000000008bc00000| Complete 
| 125|0x000000008bd00000, 0x000000008be00000, 0x000000008be00000|100%| E|CS|TAMS 0x000000008bd00000| PB 0x000000008bd00000| Complete 
| 126|0x000000008be00000, 0x000000008bf00000, 0x000000008bf00000|100%| E|CS|TAMS 0x000000008be00000| PB 0x000000008be00000| Complete 
| 127|0x000000008bf00000, 0x000000008c000000, 0x000000008c000000|100%| E|CS|TAMS 0x000000008bf00000| PB 0x000000008bf00000| Complete 
|1982|0x00000000ffe00000, 0x00000000fff00000, 0x00000000fff00000|100%| E|CS|TAMS 0x00000000ffe00000| PB 0x00000000ffe00000| Complete 
|1983|0x00000000fff00000, 0x0000000100000000, 0x0000000100000000|100%| E|CS|TAMS 0x00000000fff00000| PB 0x00000000fff00000| Complete 

Card table byte_map: [0x0000018a664e0000,0x0000018a668c0000] _byte_map_base: 0x0000018a660c0000

Marking Bits: (CMBitMap*) 0x0000018a5f2e9640
 Bits: [0x0000018a668c0000, 0x0000018a687c0000)

Polling page: 0x0000018a5da80000

Metaspace:

Usage:
  Non-class:     75.04 MB used.
      Class:     11.98 MB used.
       Both:     87.03 MB used.

Virtual space:
  Non-class space:      128.00 MB reserved,      75.44 MB ( 59%) committed,  2 nodes.
      Class space:        1.00 GB reserved,      12.50 MB (  1%) committed,  1 nodes.
             Both:        1.12 GB reserved,      87.94 MB (  8%) committed. 

Chunk freelists:
   Non-Class:  4.51 MB
       Class:  3.66 MB
        Both:  8.17 MB

MaxMetaspaceSize: unlimited
CompressedClassSpaceSize: 1.00 GB
Initial GC threshold: 21.00 MB
Current GC threshold: 148.25 MB
CDS: on
 - commit_granule_bytes: 65536.
 - commit_granule_words: 8192.
 - virtual_space_node_default_size: 8388608.
 - enlarge_chunks_in_place: 1.
 - use_allocation_guard: 0.


Internal statistics:

num_allocs_failed_limit: 9.
num_arena_births: 2298.
num_arena_deaths: 1334.
num_vsnodes_births: 3.
num_vsnodes_deaths: 0.
num_space_committed: 1431.
num_space_uncommitted: 12.
num_chunks_returned_to_freelist: 1807.
num_chunks_taken_from_freelist: 6476.
num_chunk_merges: 406.
num_chunk_splits: 3798.
num_chunks_enlarged: 2733.
num_inconsistent_stats: 0.

CodeCache: size=49152Kb used=19596Kb max_used=20957Kb free=29555Kb
 bounds [0x0000018a62cc0000, 0x0000018a641d0000, 0x0000018a65cc0000]
 total_blobs=10000 nmethods=9227 adapters=695
 compilation: enabled
              stopped_count=0, restarted_count=0
 full_count=0

Compilation events (20 events):
Event: 1510.223 Thread 0x0000018a6f0274c0 nmethod 15551 0x0000018a63a1e990 code [0x0000018a63a1eb20, 0x0000018a63a1ecd0]
Event: 1510.225 Thread 0x0000018a722187b0 nmethod 15550 0x0000018a64061a10 code [0x0000018a64061d80, 0x0000018a64062ed0]
Event: 1510.241 Thread 0x0000018a722187b0 15552   !   1       org.hibernate.internal.SessionImpl::isOpen (33 bytes)
Event: 1510.242 Thread 0x0000018a722187b0 nmethod 15552 0x0000018a63997d90 code [0x0000018a63997fc0, 0x0000018a63998470]
Event: 1510.245 Thread 0x0000018a6f0274c0 15553       1       org.springframework.data.repository.util.QueryExecutionConverters::unwrapWrapperTypes (100 bytes)
Event: 1510.245 Thread 0x0000018a722187b0 15554       1       org.springframework.data.util.TypeDiscoverer::isAssignableFrom (47 bytes)
Event: 1510.246 Thread 0x0000018a722187b0 nmethod 15554 0x0000018a6397f790 code [0x0000018a6397f980, 0x0000018a6397fc00]
Event: 1510.246 Thread 0x0000018a6f0274c0 nmethod 15553 0x0000018a63e01090 code [0x0000018a63e01320, 0x0000018a63e01900]
Event: 1510.246 Thread 0x0000018a6f0274c0 15555       1       java.util.Map::computeIfAbsent (45 bytes)
Event: 1510.246 Thread 0x0000018a722187b0 15556       1       org.springframework.data.jpa.repository.query.ParameterBinding$Named::hashCode (7 bytes)
Event: 1510.246 Thread 0x0000018a6f0274c0 nmethod 15555 0x0000018a63a53490 code [0x0000018a63a53680, 0x0000018a63a538f8]
Event: 1510.247 Thread 0x0000018a722187b0 nmethod 15556 0x0000018a63cbd390 code [0x0000018a63cbd560, 0x0000018a63cbd800]
Event: 1510.253 Thread 0x0000018a6f0274c0 15557       1       org.springframework.data.util.ProxyUtils::getUserClass (24 bytes)
Event: 1510.253 Thread 0x0000018a6f0274c0 nmethod 15557 0x0000018a63de3d10 code [0x0000018a63de3ee0, 0x0000018a63de40c8]
Event: 1510.256 Thread 0x0000018a6f0274c0 15558       1       org.springframework.data.repository.query.Parameter::getName (11 bytes)
Event: 1510.257 Thread 0x0000018a6f0274c0 nmethod 15558 0x0000018a63df6c90 code [0x0000018a63df6e60, 0x0000018a63df7050]
Event: 1561.533 Thread 0x0000018a6f0274c0 15559       1       java.io.ObjectInputStream::readLong (8 bytes)
Event: 1561.533 Thread 0x0000018a6f0274c0 nmethod 15559 0x0000018a636b3310 code [0x0000018a636b34c0, 0x0000018a636b35c0]
Event: 1561.533 Thread 0x0000018a6f0274c0 15560       1       java.io.ObjectInputStream$BlockDataInputStream::readLong (76 bytes)
Event: 1561.534 Thread 0x0000018a6f0274c0 nmethod 15560 0x0000018a63a23690 code [0x0000018a63a23880, 0x0000018a63a23b78]

GC Heap History (20 events):
Event: 823.915 GC heap before
{Heap before GC invocations=48 (full 1):
 garbage-first heap   total 133120K, used 106022K [0x0000000084000000, 0x0000000100000000)
  region size 1024K, 44 young (45056K), 6 survivors (6144K)
 Metaspace       used 88011K, committed 88896K, reserved 1179648K
  class space    used 12191K, committed 12608K, reserved 1048576K
}
Event: 823.985 GC heap after
{Heap after GC invocations=49 (full 2):
 garbage-first heap   total 133120K, used 44019K [0x0000000084000000, 0x0000000100000000)
  region size 1024K, 0 young (0K), 0 survivors (0K)
 Metaspace       used 87597K, committed 88896K, reserved 1179648K
  class space    used 12087K, committed 12608K, reserved 1048576K
}
Event: 826.702 GC heap before
{Heap before GC invocations=49 (full 2):
 garbage-first heap   total 133120K, used 114675K [0x0000000084000000, 0x0000000100000000)
  region size 1024K, 69 young (70656K), 0 survivors (0K)
 Metaspace       used 88428K, committed 89280K, reserved 1179648K
  class space    used 12201K, committed 12608K, reserved 1048576K
}
Event: 826.710 GC heap after
{Heap after GC invocations=50 (full 2):
 garbage-first heap   total 133120K, used 50663K [0x0000000084000000, 0x0000000100000000)
  region size 1024K, 7 young (7168K), 7 survivors (7168K)
 Metaspace       used 88428K, committed 89280K, reserved 1179648K
  class space    used 12201K, committed 12608K, reserved 1048576K
}
Event: 827.645 GC heap before
{Heap before GC invocations=51 (full 2):
 garbage-first heap   total 133120K, used 115175K [0x0000000084000000, 0x0000000100000000)
  region size 1024K, 70 young (71680K), 7 survivors (7168K)
 Metaspace       used 88719K, committed 89472K, reserved 1179648K
  class space    used 12250K, committed 12608K, reserved 1048576K
}
Event: 827.655 GC heap after
{Heap after GC invocations=52 (full 2):
 garbage-first heap   total 133120K, used 54271K [0x0000000084000000, 0x0000000100000000)
  region size 1024K, 4 young (4096K), 4 survivors (4096K)
 Metaspace       used 88719K, committed 89472K, reserved 1179648K
  class space    used 12250K, committed 12608K, reserved 1048576K
}
Event: 828.876 GC heap before
{Heap before GC invocations=52 (full 2):
 garbage-first heap   total 133120K, used 116735K [0x0000000084000000, 0x0000000100000000)
  region size 1024K, 65 young (66560K), 4 survivors (4096K)
 Metaspace       used 89801K, committed 90560K, reserved 1179648K
  class space    used 12326K, committed 12672K, reserved 1048576K
}
Event: 828.887 GC heap after
{Heap after GC invocations=53 (full 2):
 garbage-first heap   total 133120K, used 59878K [0x0000000084000000, 0x0000000100000000)
  region size 1024K, 9 young (9216K), 9 survivors (9216K)
 Metaspace       used 89801K, committed 90560K, reserved 1179648K
  class space    used 12326K, committed 12672K, reserved 1048576K
}
Event: 843.067 GC heap before
{Heap before GC invocations=53 (full 2):
 garbage-first heap   total 133120K, used 115174K [0x0000000084000000, 0x0000000100000000)
  region size 1024K, 63 young (64512K), 9 survivors (9216K)
 Metaspace       used 90137K, committed 91072K, reserved 1179648K
  class space    used 12396K, committed 12800K, reserved 1048576K
}
Event: 843.094 GC heap after
{Heap after GC invocations=54 (full 2):
 garbage-first heap   total 133120K, used 66341K [0x0000000084000000, 0x0000000100000000)
  region size 1024K, 7 young (7168K), 7 survivors (7168K)
 Metaspace       used 90137K, committed 91072K, reserved 1179648K
  class space    used 12396K, committed 12800K, reserved 1048576K
}
Event: 1104.869 GC heap before
{Heap before GC invocations=55 (full 2):
 garbage-first heap   total 133120K, used 116517K [0x0000000084000000, 0x0000000100000000)
  region size 1024K, 56 young (57344K), 7 survivors (7168K)
 Metaspace       used 90018K, committed 91072K, reserved 1179648K
  class space    used 12367K, committed 12800K, reserved 1048576K
}
Event: 1104.914 GC heap after
{Heap after GC invocations=56 (full 2):
 garbage-first heap   total 133120K, used 68778K [0x0000000084000000, 0x0000000100000000)
  region size 1024K, 3 young (3072K), 3 survivors (3072K)
 Metaspace       used 90018K, committed 91072K, reserved 1179648K
  class space    used 12367K, committed 12800K, reserved 1048576K
}
Event: 1381.170 GC heap before
{Heap before GC invocations=56 (full 2):
 garbage-first heap   total 133120K, used 117930K [0x0000000084000000, 0x0000000100000000)
  region size 1024K, 51 young (52224K), 3 survivors (3072K)
 Metaspace       used 90018K, committed 91072K, reserved 1179648K
  class space    used 12367K, committed 12800K, reserved 1048576K
}
Event: 1381.186 GC heap after
{Heap after GC invocations=57 (full 2):
 garbage-first heap   total 133120K, used 62644K [0x0000000084000000, 0x0000000100000000)
  region size 1024K, 2 young (2048K), 2 survivors (2048K)
 Metaspace       used 90018K, committed 91072K, reserved 1179648K
  class space    used 12367K, committed 12800K, reserved 1048576K
}
Event: 1503.137 GC heap before
{Heap before GC invocations=57 (full 2):
 garbage-first heap   total 133120K, used 85172K [0x0000000084000000, 0x0000000100000000)
  region size 1024K, 25 young (25600K), 2 survivors (2048K)
 Metaspace       used 90038K, committed 91072K, reserved 1179648K
  class space    used 12369K, committed 12800K, reserved 1048576K
}
Event: 1503.260 GC heap after
{Heap after GC invocations=58 (full 3):
 garbage-first heap   total 133120K, used 44879K [0x0000000084000000, 0x0000000100000000)
  region size 1024K, 0 young (0K), 0 survivors (0K)
 Metaspace       used 87625K, committed 89536K, reserved 1179648K
  class space    used 12094K, committed 12800K, reserved 1048576K
}
Event: 1508.711 GC heap before
{Heap before GC invocations=58 (full 3):
 garbage-first heap   total 133120K, used 115535K [0x0000000084000000, 0x0000000100000000)
  region size 1024K, 69 young (70656K), 0 survivors (0K)
 Metaspace       used 88432K, committed 89536K, reserved 1179648K
  class space    used 12196K, committed 12800K, reserved 1048576K
}
Event: 1508.721 GC heap after
{Heap after GC invocations=59 (full 3):
 garbage-first heap   total 133120K, used 51023K [0x0000000084000000, 0x0000000100000000)
  region size 1024K, 6 young (6144K), 6 survivors (6144K)
 Metaspace       used 88432K, committed 89536K, reserved 1179648K
  class space    used 12196K, committed 12800K, reserved 1048576K
}
Event: 1509.408 GC heap before
{Heap before GC invocations=60 (full 3):
 garbage-first heap   total 133120K, used 116559K [0x0000000084000000, 0x0000000100000000)
  region size 1024K, 70 young (71680K), 6 survivors (6144K)
 Metaspace       used 88722K, committed 89728K, reserved 1179648K
  class space    used 12242K, committed 12800K, reserved 1048576K
}
Event: 1509.421 GC heap after
{Heap after GC invocations=61 (full 3):
 garbage-first heap   total 133120K, used 54748K [0x0000000084000000, 0x0000000100000000)
  region size 1024K, 4 young (4096K), 4 survivors (4096K)
 Metaspace       used 88722K, committed 89728K, reserved 1179648K
  class space    used 12242K, committed 12800K, reserved 1048576K
}

Dll operation events (13 events):
Event: 0.077 Loaded shared library C:\Users\laksh\Desktop\sts\sts-4.30.0.RELEASE\plugins\org.eclipse.justj.openjdk.hotspot.jre.full.win32.x86_64_21.0.6.v20250130-0529\jre\bin\java.dll
Event: 0.111 Loaded shared library C:\Users\laksh\Desktop\sts\sts-4.30.0.RELEASE\plugins\org.eclipse.justj.openjdk.hotspot.jre.full.win32.x86_64_21.0.6.v20250130-0529\jre\bin\zip.dll
Event: 0.442 Loaded shared library C:\Users\laksh\Desktop\sts\sts-4.30.0.RELEASE\plugins\org.eclipse.justj.openjdk.hotspot.jre.full.win32.x86_64_21.0.6.v20250130-0529\jre\bin\instrument.dll
Event: 0.447 Loaded shared library C:\Users\laksh\Desktop\sts\sts-4.30.0.RELEASE\plugins\org.eclipse.justj.openjdk.hotspot.jre.full.win32.x86_64_21.0.6.v20250130-0529\jre\bin\net.dll
Event: 0.448 Loaded shared library C:\Users\laksh\Desktop\sts\sts-4.30.0.RELEASE\plugins\org.eclipse.justj.openjdk.hotspot.jre.full.win32.x86_64_21.0.6.v20250130-0529\jre\bin\nio.dll
Event: 0.453 Loaded shared library C:\Users\laksh\Desktop\sts\sts-4.30.0.RELEASE\plugins\org.eclipse.justj.openjdk.hotspot.jre.full.win32.x86_64_21.0.6.v20250130-0529\jre\bin\zip.dll
Event: 0.610 Loaded shared library C:\Users\laksh\Desktop\sts\sts-4.30.0.RELEASE\plugins\org.eclipse.justj.openjdk.hotspot.jre.full.win32.x86_64_21.0.6.v20250130-0529\jre\bin\jimage.dll
Event: 0.662 Loaded shared library C:\Users\laksh\Desktop\sts\sts-4.30.0.RELEASE\plugins\org.eclipse.justj.openjdk.hotspot.jre.full.win32.x86_64_21.0.6.v20250130-0529\jre\bin\management.dll
Event: 0.676 Loaded shared library C:\Users\laksh\Desktop\sts\sts-4.30.0.RELEASE\plugins\org.eclipse.justj.openjdk.hotspot.jre.full.win32.x86_64_21.0.6.v20250130-0529\jre\bin\management_ext.dll
Event: 0.922 Loaded shared library C:\Users\laksh\Desktop\sts\sts-4.30.0.RELEASE\plugins\org.eclipse.justj.openjdk.hotspot.jre.full.win32.x86_64_21.0.6.v20250130-0529\jre\bin\extnet.dll
Event: 0.947 Loaded shared library C:\Users\laksh\Desktop\sts\sts-4.30.0.RELEASE\plugins\org.eclipse.justj.openjdk.hotspot.jre.full.win32.x86_64_21.0.6.v20250130-0529\jre\bin\verify.dll
Event: 2.686 Loaded shared library C:\Users\laksh\Desktop\sts\sts-4.30.0.RELEASE\plugins\org.eclipse.justj.openjdk.hotspot.jre.full.win32.x86_64_21.0.6.v20250130-0529\jre\bin\sunmscapi.dll
Event: 45.736 Loaded shared library C:\Users\laksh\Desktop\sts\sts-4.30.0.RELEASE\plugins\org.eclipse.justj.openjdk.hotspot.jre.full.win32.x86_64_21.0.6.v20250130-0529\jre\bin\awt.dll

Deoptimization events (20 events):
Event: 1561.534 Thread 0x0000018a6fd6a6c0 DEOPT PACKING pc=0x0000018a63e13864 sp=0x00000050d8ffe180
Event: 1561.534 Thread 0x0000018a6fd6a6c0 DEOPT UNPACKING pc=0x0000018a62d188e2 sp=0x00000050d8ffd6e8 mode 1
Event: 1561.534 Thread 0x0000018a6fd6a6c0 DEOPT PACKING pc=0x0000018a63e13864 sp=0x00000050d8ffe180
Event: 1561.534 Thread 0x0000018a6fd6a6c0 DEOPT UNPACKING pc=0x0000018a62d188e2 sp=0x00000050d8ffd6e8 mode 1
Event: 1561.534 Thread 0x0000018a6fd6a6c0 DEOPT PACKING pc=0x0000018a63e13864 sp=0x00000050d8ffe180
Event: 1561.534 Thread 0x0000018a6fd6a6c0 DEOPT UNPACKING pc=0x0000018a62d188e2 sp=0x00000050d8ffd6e8 mode 1
Event: 1618.845 Thread 0x0000018a73869d00 DEOPT PACKING pc=0x0000018a630af734 sp=0x00000050d71fcc40
Event: 1618.845 Thread 0x0000018a73869d00 DEOPT UNPACKING pc=0x0000018a62d188e2 sp=0x00000050d71fc0f8 mode 0
Event: 1618.865 Thread 0x0000018a6f17dfb0 DEOPT PACKING pc=0x0000018a634f70dc sp=0x00000050d83faf30
Event: 1618.865 Thread 0x0000018a6f17dfb0 DEOPT UNPACKING pc=0x0000018a62d188e2 sp=0x00000050d83fa468 mode 1
Event: 1618.865 Thread 0x0000018a6f17dfb0 DEOPT PACKING pc=0x0000018a634f83e4 sp=0x00000050d83fb020
Event: 1618.865 Thread 0x0000018a6f17dfb0 DEOPT UNPACKING pc=0x0000018a62d188e2 sp=0x00000050d83fa5d0 mode 1
Event: 1618.865 Thread 0x0000018a6f17dfb0 DEOPT PACKING pc=0x0000018a634f9a14 sp=0x00000050d83fb190
Event: 1618.865 Thread 0x0000018a6f17dfb0 DEOPT UNPACKING pc=0x0000018a62d188e2 sp=0x00000050d83fa750 mode 1
Event: 1618.865 Thread 0x0000018a6f17dfb0 DEOPT PACKING pc=0x0000018a634f70dc sp=0x00000050d83faf30
Event: 1618.865 Thread 0x0000018a6f17dfb0 DEOPT UNPACKING pc=0x0000018a62d188e2 sp=0x00000050d83fa468 mode 1
Event: 1618.865 Thread 0x0000018a6f17dfb0 DEOPT PACKING pc=0x0000018a634f83e4 sp=0x00000050d83fb020
Event: 1618.865 Thread 0x0000018a6f17dfb0 DEOPT UNPACKING pc=0x0000018a62d188e2 sp=0x00000050d83fa5d0 mode 1
Event: 1618.865 Thread 0x0000018a6f17dfb0 DEOPT PACKING pc=0x0000018a634f9a14 sp=0x00000050d83fb190
Event: 1618.865 Thread 0x0000018a6f17dfb0 DEOPT UNPACKING pc=0x0000018a62d188e2 sp=0x00000050d83fa750 mode 1

Classes loaded (20 events):
Event: 505.322 Loading class java/security/spec/InvalidKeySpecException
Event: 505.322 Loading class java/security/spec/InvalidKeySpecException done
Event: 505.323 Loading class javax/net/ssl/SSLSocket
Event: 505.325 Loading class javax/net/ssl/SSLSocket done
Event: 505.438 Loading class java/lang/ref/Finalizer$2
Event: 505.449 Loading class java/lang/ref/Finalizer$2 done
Event: 505.449 Loading class java/lang/ref/Finalizer$1
Event: 505.449 Loading class java/lang/ref/Finalizer$1 done
Event: 506.487 Loading class java/net/InetAddressEditor
Event: 506.488 Loading class java/net/InetAddressEditor done
Event: 508.705 Loading class java/time/DurationEditor
Event: 508.705 Loading class java/time/DurationEditor done
Event: 826.661 Loading class java/net/InetAddressEditor
Event: 826.661 Loading class java/net/InetAddressEditor done
Event: 828.916 Loading class java/time/DurationEditor
Event: 828.916 Loading class java/time/DurationEditor done
Event: 1495.817 Loading class java/util/concurrent/locks/AbstractQueuedSynchronizer$SharedNode
Event: 1495.835 Loading class java/util/concurrent/locks/AbstractQueuedSynchronizer$SharedNode done
Event: 1508.671 Loading class java/net/InetAddressEditor
Event: 1508.671 Loading class java/net/InetAddressEditor done

Classes unloaded (20 events):
Event: 1503.192 Thread 0x0000018a6abfda80 Unloading class 0x0000018a010c2800 'com/hachionUserDashboard/controller/EnrollController'
Event: 1503.192 Thread 0x0000018a6abfda80 Unloading class 0x0000018a010c8460 'com/hachionUserDashboard/controller/DemoVideoController'
Event: 1503.192 Thread 0x0000018a6abfda80 Unloading class 0x0000018a010c8230 'com/hachionUserDashboard/controller/CurriculumController'
Event: 1503.192 Thread 0x0000018a6abfda80 Unloading class 0x0000018a010c8000 'com/hachionUserDashboard/controller/CourseController'
Event: 1503.192 Thread 0x0000018a6abfda80 Unloading class 0x0000018a010d3c30 'com/hachionUserDashboard/controller/CourseCategoryController'
Event: 1503.192 Thread 0x0000018a6abfda80 Unloading class 0x0000018a010d3a08 'com/hachionUserDashboard/controller/CorporateCourseController'
Event: 1503.192 Thread 0x0000018a6abfda80 Unloading class 0x0000018a010d3800 'com/hachionUserDashboard/controller/CertificateController'
Event: 1503.192 Thread 0x0000018a6abfda80 Unloading class 0x0000018a010d5438 'com/hachionUserDashboard/controller/BlogsController'
Event: 1503.192 Thread 0x0000018a6abfda80 Unloading class 0x0000018a010d5210 'com/hachionUserDashboard/controller/BannerController'
Event: 1503.192 Thread 0x0000018a6abfda80 Unloading class 0x0000018a010d5000 'com/hachionUserDashboard/controller/AdminController'
Event: 1503.192 Thread 0x0000018a6abfda80 Unloading class 0x0000018a01b6c418 'com/hachionUserDashboard/config/WebConfig'
Event: 1503.192 Thread 0x0000018a6abfda80 Unloading class 0x0000018a01b6c200 'com/hachionUserDashboard/config/SecurityConfig'
Event: 1503.192 Thread 0x0000018a6abfda80 Unloading class 0x0000018a01b6c000 'com/hachionUserDashboard/config/PasswordEncoderConfig'
Event: 1503.192 Thread 0x0000018a6abfda80 Unloading class 0x0000018a01b6dc50 'com/hachionUserDashboard/config/MailConfig'
Event: 1503.192 Thread 0x0000018a6abfda80 Unloading class 0x0000018a01b6da50 'com/hachionUserDashboard/config/CorsConfig'
Event: 1503.192 Thread 0x0000018a6abfda80 Unloading class 0x0000018a01b6d800 'com/hachionUserDashboard/HachionUserDashboardApplication'
Event: 1508.815 Thread 0x0000018a6abfda80 Unloading class 0x0000018a01c4ec00 'jdk/internal/reflect/GeneratedSerializationConstructorAccessor29'
Event: 1508.815 Thread 0x0000018a6abfda80 Unloading class 0x0000018a01c4f000 'jdk/internal/reflect/GeneratedSerializationConstructorAccessor28'
Event: 1508.815 Thread 0x0000018a6abfda80 Unloading class 0x0000018a01c4f800 'jdk/internal/reflect/GeneratedSerializationConstructorAccessor27'
Event: 1508.815 Thread 0x0000018a6abfda80 Unloading class 0x0000018a01c85800 'jdk/internal/reflect/GeneratedSerializationConstructorAccessor26'

Classes redefined (9 events):
Event: 504.469 Thread 0x0000018a6abfda80 redefined class name=com.hachionUserDashboard.service.Certificateimp, count=1
Event: 822.990 Thread 0x0000018a6abfda80 redefined class name=com.hachionUserDashboard.service.Certificateimp, count=2
Event: 822.990 Thread 0x0000018a6abfda80 redefined class name=com.hachionUserDashboard.service.Certificateimp, count=1
Event: 1495.245 Thread 0x0000018a6abfda80 redefined class name=com.hachionUserDashboard.service.Certificateimp, count=3
Event: 1495.246 Thread 0x0000018a6abfda80 redefined class name=com.hachionUserDashboard.service.Certificateimp, count=1
Event: 1495.246 Thread 0x0000018a6abfda80 redefined class name=com.hachionUserDashboard.service.Certificateimp, count=2
Event: 1618.881 Thread 0x0000018a6abfda80 redefined class name=com.hachionUserDashboard.service.Certificateimp, count=4
Event: 1618.881 Thread 0x0000018a6abfda80 redefined class name=com.hachionUserDashboard.service.Certificateimp, count=1
Event: 1618.881 Thread 0x0000018a6abfda80 redefined class name=com.hachionUserDashboard.service.Certificateimp, count=2

Internal exceptions (20 events):
Event: 826.808 Thread 0x0000018a721f2830 Exception <a 'java/lang/NoSuchMethodError'{0x000000008ba8ebe8}: 'int java.lang.invoke.DirectMethodHandle$Holder.invokeVirtual(java.lang.Object, java.lang.Object, java.lang.Object, java.lang.Object)'> (0x000000008ba8ebe8) 
thrown [s\src\hotspot\share\interpreter\linkResolver.cpp, line 773]
Event: 826.812 Thread 0x0000018a721f2830 Exception <a 'java/lang/NoSuchMethodError'{0x000000008ba921e0}: 'int java.lang.invoke.DelegatingMethodHandle$Holder.reinvoke_L(java.lang.Object, java.lang.Object, java.lang.Object, java.lang.Object)'> (0x000000008ba921e0) 
thrown [s\src\hotspot\share\interpreter\linkResolver.cpp, line 773]
Event: 826.908 Thread 0x0000018a721f2830 Exception <a 'java/io/FileNotFoundException'{0x000000008bafe860}> (0x000000008bafe860) 
thrown [s\src\hotspot\share\prims\jni.cpp, line 520]
Event: 827.009 Thread 0x0000018a721f2830 Exception <a 'java/io/FileNotFoundException'{0x000000008b5131f8}> (0x000000008b5131f8) 
thrown [s\src\hotspot\share\prims\jni.cpp, line 520]
Event: 828.555 Thread 0x0000018a721f2830 Exception <a 'java/io/FileNotFoundException'{0x0000000089c4a698}> (0x0000000089c4a698) 
thrown [s\src\hotspot\share\prims\jni.cpp, line 520]
Event: 828.557 Thread 0x0000018a721f2830 Exception <a 'java/io/FileNotFoundException'{0x0000000089c54660}> (0x0000000089c54660) 
thrown [s\src\hotspot\share\prims\jni.cpp, line 520]
Event: 901.026 Thread 0x0000018a6fd6a6c0 Exception <a 'java/lang/NoSuchMethodError'{0x000000008b7b3f10}: static [B.<clinit>()V> (0x000000008b7b3f10) 
thrown [s\src\hotspot\share\prims\jni.cpp, line 1111]
Event: 1503.133 Thread 0x0000018a721f1480 Exception <a 'java/lang/InterruptedException'{0x000000008abce7a0}: sleep interrupted> (0x000000008abce7a0) 
thrown [s\src\hotspot\share\prims\jvm.cpp, line 3074]
Event: 1503.313 Thread 0x0000018a73869d00 Exception <a 'sun/nio/fs/WindowsException'{0x00000000ffe62ff0}> (0x00000000ffe62ff0) 
thrown [s\src\hotspot\share\prims\jni.cpp, line 520]
Event: 1503.342 Thread 0x0000018a73869d00 Exception <a 'java/lang/NoSuchMethodError'{0x000000008bd7c050}: 'void java.lang.invoke.DelegatingMethodHandle$Holder.reinvoke_L(java.lang.Object, java.lang.Object, int)'> (0x000000008bd7c050) 
thrown [s\src\hotspot\share\interpreter\linkResolver.cpp, line 773]
Event: 1504.108 Thread 0x0000018a73869d00 Exception <a 'java/lang/NoClassDefFoundError'{0x00000000884d6250}: org/flywaydb/core/Flyway> (0x00000000884d6250) 
thrown [s\src\hotspot\share\oops\constantPool.cpp, line 873]
Event: 1508.614 Thread 0x0000018a73869d00 Exception <a 'java/lang/NoClassDefFoundError'{0x00000000884d68b0}: liquibase/integration/spring/SpringLiquibase> (0x00000000884d68b0) 
thrown [s\src\hotspot\share\oops\constantPool.cpp, line 873]
Event: 1508.629 Thread 0x0000018a73869d00 Exception <a 'java/lang/NoClassDefFoundError'{0x00000000883e07c8}: org/jooq/DSLContext> (0x00000000883e07c8) 
thrown [s\src\hotspot\share\oops\constantPool.cpp, line 873]
Event: 1508.631 Thread 0x0000018a73869d00 Exception <a 'java/lang/NoClassDefFoundError'{0x0000000088202328}: org/springframework/batch/core/repository/JobRepository> (0x0000000088202328) 
thrown [s\src\hotspot\share\oops\constantPool.cpp, line 873]
Event: 1508.632 Thread 0x0000018a73869d00 Exception <a 'java/lang/NoClassDefFoundError'{0x0000000088202980}: org/quartz/Scheduler> (0x0000000088202980) 
thrown [s\src\hotspot\share\oops\constantPool.cpp, line 873]
Event: 1508.633 Thread 0x0000018a73869d00 Exception <a 'java/lang/NoClassDefFoundError'{0x0000000088203000}: org/springframework/session/jdbc/JdbcIndexedSessionRepository> (0x0000000088203000) 
thrown [s\src\hotspot\share\oops\constantPool.cpp, line 873]
Event: 1508.802 Thread 0x0000018a73869d00 Exception <a 'java/lang/NoSuchMethodError'{0x000000008baf5678}: 'int java.lang.invoke.DirectMethodHandle$Holder.invokeVirtual(java.lang.Object, java.lang.Object, java.lang.Object, java.lang.Object)'> (0x000000008baf5678) 
thrown [s\src\hotspot\share\interpreter\linkResolver.cpp, line 773]
Event: 1508.803 Thread 0x0000018a73869d00 Exception <a 'java/lang/NoSuchMethodError'{0x000000008baf8c70}: 'int java.lang.invoke.DelegatingMethodHandle$Holder.reinvoke_L(java.lang.Object, java.lang.Object, java.lang.Object, java.lang.Object)'> (0x000000008baf8c70) 
thrown [s\src\hotspot\share\interpreter\linkResolver.cpp, line 773]
Event: 1508.829 Thread 0x0000018a73869d00 Exception <a 'java/io/FileNotFoundException'{0x000000008b964dc0}> (0x000000008b964dc0) 
thrown [s\src\hotspot\share\prims\jni.cpp, line 520]
Event: 1508.891 Thread 0x0000018a73869d00 Exception <a 'java/io/FileNotFoundException'{0x000000008b57d5d8}> (0x000000008b57d5d8) 
thrown [s\src\hotspot\share\prims\jni.cpp, line 520]

ZGC Phase Switch (0 events):
No events

VM Operations (20 events):
Event: 1561.957 Executing VM operation: Cleanup
Event: 1561.957 Executing VM operation: Cleanup done
Event: 1563.625 Executing VM operation: HandshakeAllThreads (HandshakeForDeflation)
Event: 1563.625 Executing VM operation: HandshakeAllThreads (HandshakeForDeflation) done
Event: 1563.625 Executing VM operation: RendezvousGCThreads
Event: 1563.625 Executing VM operation: RendezvousGCThreads done
Event: 1618.844 Executing VM operation: ChangeSingleStep
Event: 1618.844 Executing VM operation: ChangeSingleStep done
Event: 1618.845 Executing VM operation: ChangeSingleStep
Event: 1618.845 Executing VM operation: ChangeSingleStep done
Event: 1618.867 Executing VM operation: RedefineClasses
Event: 1618.911 Executing VM operation: RedefineClasses done
Event: 1618.930 Executing VM operation: ChangeBreakpoints
Event: 1618.935 Executing VM operation: ChangeBreakpoints done
Event: 1618.942 Executing VM operation: ChangeBreakpoints
Event: 1618.946 Executing VM operation: ChangeBreakpoints done
Event: 1618.951 Executing VM operation: ChangeBreakpoints
Event: 1618.966 Executing VM operation: ChangeBreakpoints done
Event: 1619.013 Executing VM operation: ChangeSingleStep
Event: 1619.013 Executing VM operation: ChangeSingleStep done

Memory protections (0 events):
No events

Nmethod flushes (20 events):
Event: 1503.216 Thread 0x0000018a6abfda80 flushing  nmethod 0x0000018a63f57b10
Event: 1503.216 Thread 0x0000018a6abfda80 flushing  nmethod 0x0000018a63f58010
Event: 1503.216 Thread 0x0000018a6abfda80 flushing  nmethod 0x0000018a63f58810
Event: 1503.216 Thread 0x0000018a6abfda80 flushing  nmethod 0x0000018a63f5ee90
Event: 1503.216 Thread 0x0000018a6abfda80 flushing  nmethod 0x0000018a63f76390
Event: 1503.216 Thread 0x0000018a6abfda80 flushing  nmethod 0x0000018a63f76910
Event: 1503.216 Thread 0x0000018a6abfda80 flushing  nmethod 0x0000018a63f77410
Event: 1503.216 Thread 0x0000018a6abfda80 flushing  nmethod 0x0000018a63f77790
Event: 1503.216 Thread 0x0000018a6abfda80 flushing  nmethod 0x0000018a63f79c90
Event: 1503.216 Thread 0x0000018a6abfda80 flushing  nmethod 0x0000018a63f7a090
Event: 1503.216 Thread 0x0000018a6abfda80 flushing  nmethod 0x0000018a63f7a490
Event: 1503.216 Thread 0x0000018a6abfda80 flushing  nmethod 0x0000018a63f7e890
Event: 1503.216 Thread 0x0000018a6abfda80 flushing  nmethod 0x0000018a63f7ec10
Event: 1503.216 Thread 0x0000018a6abfda80 flushing  nmethod 0x0000018a63f93910
Event: 1503.216 Thread 0x0000018a6abfda80 flushing  nmethod 0x0000018a63f94210
Event: 1503.216 Thread 0x0000018a6abfda80 flushing  nmethod 0x0000018a63f99910
Event: 1503.216 Thread 0x0000018a6abfda80 flushing  nmethod 0x0000018a63fbb210
Event: 1503.216 Thread 0x0000018a6abfda80 flushing  nmethod 0x0000018a63fbc390
Event: 1503.216 Thread 0x0000018a6abfda80 flushing  nmethod 0x0000018a63fbc710
Event: 1503.216 Thread 0x0000018a6abfda80 flushing  nmethod 0x0000018a63fbd390

Events (20 events):
Event: 1503.133 Thread 0x0000018a721f3550 Thread exited: 0x0000018a721f3550
Event: 1503.134 Thread 0x0000018a721f1480 Thread exited: 0x0000018a721f1480
Event: 1503.135 Thread 0x0000018a721f0df0 Thread exited: 0x0000018a721f0df0
Event: 1503.261 Thread 0x0000018a7386b740 Thread added: 0x0000018a7386bdd0
Event: 1503.263 Thread 0x0000018a7386bdd0 Thread exited: 0x0000018a7386bdd0
Event: 1503.264 Thread 0x0000018a7386b740 Thread added: 0x0000018a73869d00
Event: 1503.453 Thread 0x0000018a73869d00 Thread added: 0x0000018a7386bdd0
Event: 1503.493 Thread 0x0000018a7386bdd0 Thread exited: 0x0000018a7386bdd0
Event: 1503.945 Thread 0x0000018a6f0274c0 Thread added: 0x0000018a72219550
Event: 1503.945 Thread 0x0000018a6f0274c0 Thread added: 0x0000018a7221a2f0
Event: 1508.670 Thread 0x0000018a7221a2f0 Thread exited: 0x0000018a7221a2f0
Event: 1508.671 Thread 0x0000018a72219550 Thread exited: 0x0000018a72219550
Event: 1508.892 Thread 0x0000018a73869d00 Thread added: 0x0000018a7386b0b0
Event: 1508.893 Thread 0x0000018a73869d00 Thread added: 0x0000018a7386d180
Event: 1508.893 Thread 0x0000018a73869d00 Thread added: 0x0000018a7386aa20
Event: 1509.047 Thread 0x0000018a73869d00 Thread added: 0x0000018a7386a390
Event: 1509.159 Thread 0x0000018a7386a390 Thread added: 0x0000018a7386c460
Event: 1509.208 Thread 0x0000018a6f0274c0 Thread added: 0x0000018a722187b0
Event: 1514.593 Thread 0x0000018a7386c460 Thread exited: 0x0000018a7386c460
Event: 1515.270 Thread 0x0000018a722187b0 Thread exited: 0x0000018a722187b0


Dynamic libraries:
0x00007ff65c890000 - 0x00007ff65c89e000 	C:\Users\laksh\Desktop\sts\sts-4.30.0.RELEASE\plugins\org.eclipse.justj.openjdk.hotspot.jre.full.win32.x86_64_21.0.6.v20250130-0529\jre\bin\javaw.exe
0x00007ff8cd680000 - 0x00007ff8cd8e3000 	C:\WINDOWS\SYSTEM32\ntdll.dll
0x00007ff8cc9f0000 - 0x00007ff8ccab7000 	C:\WINDOWS\System32\KERNEL32.DLL
0x00007ff8cae20000 - 0x00007ff8cb1e9000 	C:\WINDOWS\System32\KERNELBASE.dll
0x00007ff8caa00000 - 0x00007ff8cab4c000 	C:\WINDOWS\System32\ucrtbase.dll
0x00007ff894300000 - 0x00007ff89431e000 	C:\Users\laksh\Desktop\sts\sts-4.30.0.RELEASE\plugins\org.eclipse.justj.openjdk.hotspot.jre.full.win32.x86_64_21.0.6.v20250130-0529\jre\bin\VCRUNTIME140.dll
0x00007ff899910000 - 0x00007ff899928000 	C:\Users\laksh\Desktop\sts\sts-4.30.0.RELEASE\plugins\org.eclipse.justj.openjdk.hotspot.jre.full.win32.x86_64_21.0.6.v20250130-0529\jre\bin\jli.dll
0x00007ff8cce90000 - 0x00007ff8cd05a000 	C:\WINDOWS\System32\USER32.dll
0x00007ff8aafc0000 - 0x00007ff8ab250000 	C:\WINDOWS\WinSxS\amd64_microsoft.windows.common-controls_6595b64144ccf1df_6.0.26100.3323_none_3e088096e3344490\COMCTL32.dll
0x00007ff8caca0000 - 0x00007ff8cacc7000 	C:\WINDOWS\System32\win32u.dll
0x00007ff8cc780000 - 0x00007ff8cc829000 	C:\WINDOWS\System32\msvcrt.dll
0x00007ff8ccad0000 - 0x00007ff8ccafa000 	C:\WINDOWS\System32\GDI32.dll
0x00007ff8cb1f0000 - 0x00007ff8cb321000 	C:\WINDOWS\System32\gdi32full.dll
0x00007ff8cacd0000 - 0x00007ff8cad73000 	C:\WINDOWS\System32\msvcp_win.dll
0x00007ff8cd4d0000 - 0x00007ff8cd4ff000 	C:\WINDOWS\System32\IMM32.DLL
0x00007ff8aa260000 - 0x00007ff8aa26c000 	C:\Users\laksh\Desktop\sts\sts-4.30.0.RELEASE\plugins\org.eclipse.justj.openjdk.hotspot.jre.full.win32.x86_64_21.0.6.v20250130-0529\jre\bin\vcruntime140_1.dll
0x00007ff8853e0000 - 0x00007ff88546d000 	C:\Users\laksh\Desktop\sts\sts-4.30.0.RELEASE\plugins\org.eclipse.justj.openjdk.hotspot.jre.full.win32.x86_64_21.0.6.v20250130-0529\jre\bin\msvcp140.dll
0x00007ff83c000000 - 0x00007ff83cd90000 	C:\Users\laksh\Desktop\sts\sts-4.30.0.RELEASE\plugins\org.eclipse.justj.openjdk.hotspot.jre.full.win32.x86_64_21.0.6.v20250130-0529\jre\bin\server\jvm.dll
0x00007ff8cc930000 - 0x00007ff8cc9e2000 	C:\WINDOWS\System32\ADVAPI32.dll
0x00007ff8cb4a0000 - 0x00007ff8cb546000 	C:\WINDOWS\System32\sechost.dll
0x00007ff8cd140000 - 0x00007ff8cd256000 	C:\WINDOWS\System32\RPCRT4.dll
0x00007ff8cc180000 - 0x00007ff8cc1f4000 	C:\WINDOWS\System32\WS2_32.dll
0x00007ff8ca710000 - 0x00007ff8ca75e000 	C:\WINDOWS\SYSTEM32\POWRPROF.dll
0x00007ff8c0410000 - 0x00007ff8c0446000 	C:\WINDOWS\SYSTEM32\WINMM.dll
0x00007ff8b82b0000 - 0x00007ff8b82bb000 	C:\WINDOWS\SYSTEM32\VERSION.dll
0x00007ff8ca6f0000 - 0x00007ff8ca704000 	C:\WINDOWS\SYSTEM32\UMPDC.dll
0x00007ff8c96a0000 - 0x00007ff8c96ba000 	C:\WINDOWS\SYSTEM32\kernel.appcore.dll
0x00007ff8b86c0000 - 0x00007ff8b86ca000 	C:\Users\laksh\Desktop\sts\sts-4.30.0.RELEASE\plugins\org.eclipse.justj.openjdk.hotspot.jre.full.win32.x86_64_21.0.6.v20250130-0529\jre\bin\jimage.dll
0x00007ff8c8230000 - 0x00007ff8c8471000 	C:\WINDOWS\SYSTEM32\DBGHELP.DLL
0x00007ff8ccb00000 - 0x00007ff8cce82000 	C:\WINDOWS\System32\combase.dll
0x00007ff8cd060000 - 0x00007ff8cd136000 	C:\WINDOWS\System32\OLEAUT32.dll
0x00007ff8a98a0000 - 0x00007ff8a98d9000 	C:\WINDOWS\SYSTEM32\dbgcore.DLL
0x00007ff8cad80000 - 0x00007ff8cae19000 	C:\WINDOWS\System32\bcryptPrimitives.dll
0x00007ff889d80000 - 0x00007ff889dbc000 	C:\Users\laksh\Desktop\sts\sts-4.30.0.RELEASE\plugins\org.eclipse.justj.openjdk.hotspot.jre.full.win32.x86_64_21.0.6.v20250130-0529\jre\bin\jdwp.dll
0x00007ff8c49a0000 - 0x00007ff8c49af000 	C:\Users\laksh\Desktop\sts\sts-4.30.0.RELEASE\plugins\org.eclipse.justj.openjdk.hotspot.jre.full.win32.x86_64_21.0.6.v20250130-0529\jre\bin\instrument.dll
0x00007ff8ad180000 - 0x00007ff8ad19f000 	C:\Users\laksh\Desktop\sts\sts-4.30.0.RELEASE\plugins\org.eclipse.justj.openjdk.hotspot.jre.full.win32.x86_64_21.0.6.v20250130-0529\jre\bin\java.dll
0x00007ff8cba60000 - 0x00007ff8cc175000 	C:\WINDOWS\System32\SHELL32.dll
0x00007ff8cb330000 - 0x00007ff8cb498000 	C:\WINDOWS\System32\wintypes.dll
0x00007ff8c8580000 - 0x00007ff8c8dc5000 	C:\WINDOWS\SYSTEM32\windows.storage.dll
0x00007ff8cc200000 - 0x00007ff8cc2eb000 	C:\WINDOWS\System32\SHCORE.dll
0x00007ff8cb730000 - 0x00007ff8cb78d000 	C:\WINDOWS\System32\shlwapi.dll
0x00007ff8ca790000 - 0x00007ff8ca7bf000 	C:\WINDOWS\SYSTEM32\profapi.dll
0x00007ff8ad160000 - 0x00007ff8ad178000 	C:\Users\laksh\Desktop\sts\sts-4.30.0.RELEASE\plugins\org.eclipse.justj.openjdk.hotspot.jre.full.win32.x86_64_21.0.6.v20250130-0529\jre\bin\zip.dll
0x00007ff8c4910000 - 0x00007ff8c491b000 	C:\Users\laksh\Desktop\sts\sts-4.30.0.RELEASE\plugins\org.eclipse.justj.openjdk.hotspot.jre.full.win32.x86_64_21.0.6.v20250130-0529\jre\bin\dt_socket.dll
0x00007ff8c9190000 - 0x00007ff8c91c3000 	C:\WINDOWS\SYSTEM32\IPHLPAPI.DLL
0x00007ff8c9bc0000 - 0x00007ff8c9c2a000 	C:\WINDOWS\system32\mswsock.dll
0x00007ff8c91d0000 - 0x00007ff8c92f5000 	C:\WINDOWS\SYSTEM32\DNSAPI.dll
0x00007ff8cc830000 - 0x00007ff8cc83a000 	C:\WINDOWS\System32\NSI.dll
0x00007ff8b8490000 - 0x00007ff8b849b000 	C:\Windows\System32\rasadhlp.dll
0x00007ff8ba430000 - 0x00007ff8ba4b5000 	C:\WINDOWS\System32\fwpuclnt.dll
0x00007ff8b86b0000 - 0x00007ff8b86c0000 	C:\Users\laksh\Desktop\sts\sts-4.30.0.RELEASE\plugins\org.eclipse.justj.openjdk.hotspot.jre.full.win32.x86_64_21.0.6.v20250130-0529\jre\bin\net.dll
0x00007ff8b93f0000 - 0x00007ff8b950e000 	C:\WINDOWS\SYSTEM32\WINHTTP.dll
0x00007ff8aaa90000 - 0x00007ff8aaaa6000 	C:\Users\laksh\Desktop\sts\sts-4.30.0.RELEASE\plugins\org.eclipse.justj.openjdk.hotspot.jre.full.win32.x86_64_21.0.6.v20250130-0529\jre\bin\nio.dll
0x00007ff8a67a0000 - 0x00007ff8a67aa000 	C:\Users\laksh\Desktop\sts\sts-4.30.0.RELEASE\plugins\org.eclipse.justj.openjdk.hotspot.jre.full.win32.x86_64_21.0.6.v20250130-0529\jre\bin\management.dll
0x00007ff8a6670000 - 0x00007ff8a667b000 	C:\Users\laksh\Desktop\sts\sts-4.30.0.RELEASE\plugins\org.eclipse.justj.openjdk.hotspot.jre.full.win32.x86_64_21.0.6.v20250130-0529\jre\bin\management_ext.dll
0x00007ff8ccac0000 - 0x00007ff8ccac8000 	C:\WINDOWS\System32\PSAPI.DLL
0x00007ff89d2e0000 - 0x00007ff89d2f8000 	C:\WINDOWS\system32\napinsp.dll
0x00007ff89d2c0000 - 0x00007ff89d2d2000 	C:\WINDOWS\System32\winrnr.dll
0x00007ff89d290000 - 0x00007ff89d2b2000 	C:\WINDOWS\system32\nlansp_c.dll
0x00007ff89d270000 - 0x00007ff89d286000 	C:\WINDOWS\system32\wshbth.dll
0x00007ff8c9e60000 - 0x00007ff8c9e7c000 	C:\WINDOWS\SYSTEM32\CRYPTSP.dll
0x00007ff8c9600000 - 0x00007ff8c963a000 	C:\WINDOWS\system32\rsaenh.dll
0x00007ff8c9c60000 - 0x00007ff8c9c8b000 	C:\WINDOWS\SYSTEM32\USERENV.dll
0x00007ff8ca0a0000 - 0x00007ff8ca0c6000 	C:\WINDOWS\SYSTEM32\bcrypt.dll
0x00007ff8c9e80000 - 0x00007ff8c9e8c000 	C:\WINDOWS\SYSTEM32\CRYPTBASE.dll
0x00007ff8a9eb0000 - 0x00007ff8a9eb9000 	C:\Users\laksh\Desktop\sts\sts-4.30.0.RELEASE\plugins\org.eclipse.justj.openjdk.hotspot.jre.full.win32.x86_64_21.0.6.v20250130-0529\jre\bin\extnet.dll
0x00007ff8ab8b0000 - 0x00007ff8ab8c0000 	C:\Users\laksh\Desktop\sts\sts-4.30.0.RELEASE\plugins\org.eclipse.justj.openjdk.hotspot.jre.full.win32.x86_64_21.0.6.v20250130-0529\jre\bin\verify.dll
0x00007ff8aaa80000 - 0x00007ff8aaa8e000 	C:\Users\laksh\Desktop\sts\sts-4.30.0.RELEASE\plugins\org.eclipse.justj.openjdk.hotspot.jre.full.win32.x86_64_21.0.6.v20250130-0529\jre\bin\sunmscapi.dll
0x00007ff8ca880000 - 0x00007ff8ca9f7000 	C:\WINDOWS\System32\CRYPT32.dll
0x00007ff8ca060000 - 0x00007ff8ca090000 	C:\WINDOWS\SYSTEM32\ncrypt.dll
0x00007ff8ca010000 - 0x00007ff8ca04f000 	C:\WINDOWS\SYSTEM32\NTASN1.dll
0x00007ff8ab260000 - 0x00007ff8ab268000 	C:\WINDOWS\system32\wshunix.dll
0x00007ff87d1d0000 - 0x00007ff87d35e000 	C:\Users\laksh\Desktop\sts\sts-4.30.0.RELEASE\plugins\org.eclipse.justj.openjdk.hotspot.jre.full.win32.x86_64_21.0.6.v20250130-0529\jre\bin\awt.dll
0x00007ff8c49d0000 - 0x00007ff8c4a6c000 	C:\WINDOWS\SYSTEM32\apphelp.dll

dbghelp: loaded successfully - version: 4.0.5 - missing functions: none
symbol engine: initialized successfully - sym options: 0x614 - pdb path: .;C:\Users\laksh\Desktop\sts\sts-4.30.0.RELEASE\plugins\org.eclipse.justj.openjdk.hotspot.jre.full.win32.x86_64_21.0.6.v20250130-0529\jre\bin;C:\WINDOWS\SYSTEM32;C:\WINDOWS\WinSxS\amd64_microsoft.windows.common-controls_6595b64144ccf1df_6.0.26100.3323_none_3e088096e3344490;C:\Users\laksh\Desktop\sts\sts-4.30.0.RELEASE\plugins\org.eclipse.justj.openjdk.hotspot.jre.full.win32.x86_64_21.0.6.v20250130-0529\jre\bin\server

VM Arguments:
jvm_args: -XX:+ShowCodeDetailsInExceptionMessages -agentlib:jdwp=transport=dt_socket,suspend=y,address=localhost:50466 -Dcom.sun.management.jmxremote -Dcom.sun.management.jmxremote.port=50465 -Dcom.sun.management.jmxremote.authenticate=false -Dcom.sun.management.jmxremote.ssl=false -Djava.rmi.server.hostname=localhost -Dspring.jmx.enabled=true -Dmanagement.endpoints.jmx.exposure.include=* -Dspring.application.admin.enabled=true -Dspring.output.ansi.enabled=always -XX:TieredStopAtLevel=1 -Dspring.boot.project.name=hachion -javaagent:C:\Users\laksh\Desktop\sts\sts-4.30.0.RELEASE\configuration\org.eclipse.osgi\270\0\.cp\lib\javaagent-shaded.jar -Dfile.encoding=UTF-8 -Dstdout.encoding=UTF-8 -Dstderr.encoding=UTF-8 
java_command: com.hachionUserDashboard.HachionUserDashboardApplication
java_class_path (initial): D:\HachionLatestVersion\hachion\target\classes;C:\Users\laksh\.m2\repository\com\fasterxml\jackson\datatype\jackson-datatype-jsr310\2.13.0\jackson-datatype-jsr310-2.13.0.jar;C:\Users\laksh\.m2\repository\com\fasterxml\jackson\core\jackson-annotations\2.17.2\jackson-annotations-2.17.2.jar;C:\Users\laksh\.m2\repository\com\fasterxml\jackson\core\jackson-core\2.17.2\jackson-core-2.17.2.jar;C:\Users\laksh\.m2\repository\com\fasterxml\jackson\core\jackson-databind\2.17.2\jackson-databind-2.17.2.jar;C:\Users\laksh\.m2\repository\com\itextpdf\itextpdf\5.5.13.3\itextpdf-5.5.13.3.jar;C:\Users\laksh\.m2\repository\org\apache\pdfbox\pdfbox\2.0.30\pdfbox-2.0.30.jar;C:\Users\laksh\.m2\repository\org\apache\pdfbox\fontbox\2.0.30\fontbox-2.0.30.jar;C:\Users\laksh\.m2\repository\commons-logging\commons-logging\1.2\commons-logging-1.2.jar;C:\Users\laksh\.m2\repository\com\itextpdf\barcodes\7.2.3\barcodes-7.2.3.jar;C:\Users\laksh\.m2\repository\com\itextpdf\font-asian\7.2.3\font-asian-7.2.3.jar;C:\Users\laksh\.m2\repository\com\itextpdf\hyph\7.2.3\hyph-7.2.3.jar;C:\Users\laksh\.m2\repository\com\itextpdf\io\7.2.3\io-7.2.3.jar;C:\Users\laksh\.m2\repository\com\itextpdf\commons\7.2.3\commons-7.2.3.jar;C:\Users\laksh\.m2\repository\com\itextpdf\pdfa\7.2.3\pdfa-7.2.3.jar;C:\Users\laksh\.m2\repository\com\itextpdf\sign\7.2.3\sign-7.2.3.jar;C:\Users\laksh\.m2\repository\com\itextpdf\styled-xml-parser\7.2.3\styled-xml-parser-7.2.3.jar;C:\Users\laksh\.m2\repository\com\itextpdf\svg\7.2.3\svg-7.2.3.jar;C:\Users\laksh\.m2\repository\com\itextpdf\kernel\7.2.3\kernel-7.2.3.jar;C:\Users\laksh\.m2\repository\org\bouncycastle\bcpkix-jdk15on\1.70\bcpkix-jdk15on-1.70.jar;C:\Users\laksh\.m2\repository\org\bouncycastle\bcutil-jdk15on\1.70\bcutil-jdk15on-1.70.jar;C:\Users\laksh\.m2\repository\org\bouncycastle\bcprov-jdk15on\1.70\bcprov-jdk15on-1.70.jar;C:\Users\laksh\.m2\repository\org\slf4j\slf4j-api\2.0.16\slf4j-api-2.0.16.jar;C:\Users\laksh\.m2\repository\com\itextpdf\layout\7.2.3\layout-7.2.3.jar;C:\Users\laksh\.m2\repository\com\itextpdf\forms\7.2.3\forms-7.2.3.jar;C:\Users\laksh\.m2\repository\org\springframework\boot\spring-boot-starter-web\3.3.4\spring-boot-starter-web-3.3.4.jar;C:\Users\laksh\.m2\repository\org\springframework\boot\spring-boot-starter-json\3.3.4\spring-boot-starter-json-3.3.4.jar;C:\Users\laksh\.m2\repository\com\fasterxml\jackson\datatype\jackson-datatype-jdk8\2.17.2\jackson-datatype-jdk8-2.17.2.jar;C:\Users\laksh\.m2\repository\com\fasterxml\jackson\module\jackson-module-parameter-names\2.17.2\jackson-module-parameter-names-2.17.2.jar;C:\Users\laksh\.m2\repository\org\springframework\spring-web\6.1.13\spring-web-6.1.13.jar;C:\Users\laksh\.m2\repository\org\springframework\spring-webmvc\6.1.13\spring-webmvc-6.1.13.jar;C:\Users\laksh\.m2\repository\org\springframework\boot\spring-boot-devtools\3.3.4\spring-boot-devtools-3.3.4.jar;C:\Users\laksh\.m2\repository\org\springframework\boot\spring-boot\3.3.4\spring-boot-3.3.4.jar;C:\Users\laksh\.m2\repository\org\springframework\boot\spring-boot-autoconfigure\3.3.4\spring-boot-autoconfigure-3.3.4.jar;C:\Users\laksh\.m2\repository\org\springframework\boot\spring-boot-starter-validation\3.3.4\spring-boot-starter-validation-3.3.4.jar;C:\Users\laksh\.m2\repository\org\apache\tomcat\embed\tomcat-embed-el\10.1.30\tomcat-embed-el-10.1.30.jar;C:\Users\laksh\.m2\repository\org\springframework\boot\spring-boot-starter-tomcat\3.3.4\spring-boot-starter-tomcat-3.3.4.jar;C:\Users\laksh\.m2\repository\jakarta\annotation\jakarta.annotation-api\2.1.1\jakarta.annotation-api-2.1.1.jar;C:\Users\laksh\.m2\repository\org\apache\tomcat\embed\tomcat-embed-core\10.1.30\tomcat-embed-core-10.1.30.jar;C:\Users\laksh\.m2\repository\org\apache\tomcat\embed\tomcat-embed-websocket\10.1.30\tomcat-embed-websocket-10.1.30.jar;C:\Users\laksh\.m2\repository\org\projectlombok\lombok\1.18.34\lombok-1.18.34.jar;C:\Users\laksh\.m2\repository\jakarta\xml\bind\jakarta.xml.bind-api\4.0.2\jakarta.xml.bind-api-4.0.2.jar;C:\Users\laksh\.m2\repository\jakarta\activation\jakarta.activation-api\2.1.3\jakarta.activation-api-2.1.3.jar;C:\Users\laksh\.m2\repository\net\minidev\json-smart\2.5.1\json-smart-2.5.1.jar;C:\Users\laksh\.m2\repository\net\minidev\accessors-smart\2.5.1\accessors-smart-2.5.1.jar;C:\Users\laksh\.m2\repository\org\ow2\asm\asm\9.6\asm-9.6.jar;C:\Users\laksh\.m2\repository\net\bytebuddy\byte-buddy\1.14.19\byte-buddy-1.14.19.jar;C:\Users\laksh\.m2\repository\org\springframework\spring-core\6.1.13\spring-core-6.1.13.jar;C:\Users\laksh\.m2\repository\org\springframework\spring-jcl\6.1.13\spring-jcl-6.1.13.jar;C:\Users\laksh\.m2\repository\org\springframework\boot\spring-boot-starter-security\3.3.4\spring-boot-starter-security-3.3.4.jar;C:\Users\laksh\.m2\repository\org\springframework\spring-aop\6.1.13\spring-aop-6.1.13.jar;C:\Users\laksh\.m2\repository\org\springframework\security\spring-security-config\6.3.3\spring-security-config-6.3.3.jar;C:\Users\laksh\.m2\repository\org\springframework\security\spring-security-web\6.3.3\spring-security-web-6.3.3.jar;C:\Users\laksh\.m2\repository\org\springframework\boot\spring-boot-starter-data-jpa\3.3.4\spring-boot-starter-data-jpa-3.3.4.jar;C:\Users\laksh\.m2\repository\org\springframework\boot\spring-boot-starter-aop\3.3.4\spring-boot-starter-aop-3.3.4.jar;C:\Users\laksh\.m2\repository\org\aspectj\aspectjweaver\1.9.22.1\aspectjweaver-1.9.22.1.jar;C:\Users\laksh\.m2\repository\org\springframework\boot\spring-boot-starter-jdbc\3.3.4\spring-boot-starter-jdbc-3.3.4.jar;C:\Users\laksh\.m2\repository\com\zaxxer\HikariCP\5.1.0\HikariCP-5.1.0.jar;C:\Users\laksh\.m2\repository\org\springframework\spring-jdbc\6.1.13\spring-jdbc-6.1.13.jar;C:\Users\laksh\.m2\repository\org\hibernate\orm\hibernate-core\6.5.3.Final\hibernate-core-6.5.3.Final.jar;C:\Users\laksh\.m2\repository\jakarta\persistence\jakarta.persistence-api\3.1.0\jakarta.persistence-api-3.1.0.jar;C:\Users\laksh\.m2\repository\jakarta\transaction\jakarta.transaction-api\2.0.1\jakarta.transaction-api-2.0.1.jar;C:\Users\laksh\.m2\repository\org\hibernate\common\hibernate-commons-annotations\6.0.6.Final\hibernate-commons-annotations-6.0.6.Final.jar;C:\Users\laksh\.m2\repository\io\smallrye\jandex\3.1.2\jandex-3.1.2.jar;C:\Users\laksh\.m2\repository\org\glassfish\jaxb\jaxb-runtime\4.0.5\jaxb-runtime-4.0.5.jar;C:\Users\laksh\.m2\repository\org\glassfish\jaxb\jaxb-core\4.0.5\jaxb-core-4.0.5.jar;C:\Users\laksh\.m2\repository\org\glassfish\jaxb\txw2\4.0.5\txw2-4.0.5.jar;C:\Users\laksh\.m2\repository\com\sun\istack\istack-commons-runtime\4.1.2\istack-commons-runtime-4.1.2.jar;C:\Users\laksh\.m2\repository\jakarta\inject\jakarta.inject-api\2.0.1\jakarta.inject-api-2.0.1.jar;C:\Users\laksh\.m2\repository\org\antlr\antlr4-runtime\4.13.0\antlr4-runtime-4.13.0.jar;C:\Users\laksh\.m2\repository\org\springframework\data\spring-data-jpa\3.3.4\spring-data-jpa-3.3.4.jar;C:\Users\laksh\.m2\repository\org\springframework\data\spring-data-commons\3.3.4\spring-data-commons-3.3.4.jar;C:\Users\laksh\.m2\repository\org\springframework\spring-orm\6.1.13\spring-orm-6.1.13.jar;C:\Users\laksh\.m2\repository\org\springframework\spring-tx\6.1.13\spring-tx-6.1.13.jar;C:\Users\laksh\.m2\repository\org\springframework\spring-aspects\6.1.13\spring-aspects-6.1.13.jar;C:\Users\laksh\.m2\repository\org\springframework\boot\spring-boot-starter-oauth2-client\3.3.4\spring-boot-starter-oauth2-client-3.3.4.jar;C:\Users\laksh\.m2\repository\org\springframework\security\spring-security-oauth2-client\6.3.3\spring-security-oauth2-client-6.3.3.jar;C:\Users\laksh\.m2\repository\org\springframework\security\spring-security-oauth2-core\6.3.3\spring-security-oauth2-core-6.3.3.jar;C:\Users\laksh\.m2\repository\com\nimbusds\oauth2-oidc-sdk\9.43.4\oauth2-oidc-sdk-9.43.4.jar;C:\Users\laksh\.m2\repository\com\github\stephenc\jcip\jcip-annotations\1.0-1\jcip-annotations-1.0-1.jar;C:\Users\laksh\.m2\repository\com\nimbusds\content-type\2.2\content-type-2.2.jar;C:\Users\laksh\.m2\repository\com\nimbusds\lang-tag\1.7\lang-tag-1.7.jar;C:\Users\laksh\.m2\repository\org\springframework\security\spring-security-oauth2-jose\6.3.3\spring-security-oauth2-jose-6.3.3.jar;C:\Users\laksh\.m2\repository\com\nimbusds\nimbus-jose-jwt\9.37.3\nimbus-jose-jwt-9.37.3.jar;C:\Users\laksh\.m2\repository\org\springframework\security\spring-security-core\6.3.3\spring-security-core-6.3.3.jar;C:\Users\laksh\.m2\repository\org\springframework\security\spring-security-crypto\6.3.3\spring-security-crypto-6.3.3.jar;C:\Users\laksh\.m2\repository\org\springframework\spring-beans\6.1.13\spring-beans-6.1.13.jar;C:\Users\laksh\.m2\repository\org\springframework\spring-context\6.1.13\spring-context-6.1.13.jar;C:\Users\laksh\.m2\repository\org\springframework\spring-expression\6.1.13\spring-expression-6.1.13.jar;C:\Users\laksh\.m2\repository\io\micrometer\micrometer-observation\1.13.4\micrometer-observation-1.13.4.jar;C:\Users\laksh\.m2\repository\io\micrometer\micrometer-commons\1.13.4\micrometer-commons-1.13.4.jar;C:\Users\laksh\.m2\repository\org\springframework\boot\spring-boot-starter-mail\3.3.4\spring-boot-starter-mail-3.3.4.jar;C:\Users\laksh\.m2\repository\org\springframework\spring-context-support\6.1.13\spring-context-support-6.1.13.jar;C:\Users\laksh\.m2\repository\org\eclipse\angus\jakarta.mail\2.0.3\jakarta.mail-2.0.3.jar;C:\Users\laksh\.m2\repository\org\eclipse\angus\angus-activation\2.0.2\angus-activation-2.0.2.jar;C:\Users\laksh\.m2\repository\org\hibernate\validator\hibernate-validator\8.0.1.Final\hibernate-validator-8.0.1.Final.jar;C:\Users\laksh\.m2\repository\jakarta\validation\jakarta.validation-api\3.0.2\jakarta.validation-api-3.0.2.jar;C:\Users\laksh\.m2\repository\org\jboss\logging\jboss-logging\3.5.3.Final\jboss-logging-3.5.3.Final.jar;C:\Users\laksh\.m2\repository\com\fasterxml\classmate\1.7.0\classmate-1.7.0.jar;C:\Users\laksh\.m2\repository\org\springframework\boot\spring-boot-starter-data-jdbc\3.3.4\spring-boot-starter-data-jdbc-3.3.4.jar;C:\Users\laksh\.m2\repository\org\springframework\data\spring-data-jdbc\3.3.4\spring-data-jdbc-3.3.4.jar;C:\Users\laksh\.m2\repository\org\springframework\data\spring-data-relational\3.3.4\spring-data-relational-3.3.4.jar;C:\Users\laksh\.m2\repository\io\jsonwebtoken\jjwt\0.9.1\jjwt-0.9.1.jar;C:\Users\laksh\.m2\repository\org\springdoc\springdoc-openapi-starter-webmvc-ui\2.6.0\springdoc-openapi-starter-webmvc-ui-2.6.0.jar;C:\Users\laksh\.m2\repository\org\springdoc\springdoc-openapi-starter-webmvc-api\2.6.0\springdoc-openapi-starter-webmvc-api-2.6.0.jar;C:\Users\laksh\.m2\repository\org\springdoc\springdoc-openapi-starter-common\2.6.0\springdoc-openapi-starter-common-2.6.0.jar;C:\Users\laksh\.m2\repository\io\swagger\core\v3\swagger-core-jakarta\2.2.22\swagger-core-jakarta-2.2.22.jar;C:\Users\laksh\.m2\repository\org\apache\commons\commons-lang3\3.14.0\commons-lang3-3.14.0.jar;C:\Users\laksh\.m2\repository\io\swagger\core\v3\swagger-annotations-jakarta\2.2.22\swagger-annotations-jakarta-2.2.22.jar;C:\Users\laksh\.m2\repository\io\swagger\core\v3\swagger-models-jakarta\2.2.22\swagger-models-jakarta-2.2.22.jar;C:\Users\laksh\.m2\repository\com\fasterxml\jackson\dataformat\jackson-dataformat-yaml\2.17.2\jackson-dataformat-yaml-2.17.2.jar;C:\Users\laksh\.m2\repository\org\webjars\swagger-ui\5.17.14\swagger-ui-5.17.14.jar;C:\Users\laksh\.m2\repository\javax\xml\bind\jaxb-api\2.1\jaxb-api-2.1.jar;C:\Users\laksh\.m2\repository\javax\xml\stream\stax-api\1.0-2\stax-api-1.0-2.jar;C:\Users\laksh\.m2\repository\javax\activation\activation\1.1\activation-1.1.jar;C:\Users\laksh\.m2\repository\com\mysql\mysql-connector-j\8.3.0\mysql-connector-j-8.3.0.jar;C:\Users\laksh\.m2\repository\org\springframework\boot\spring-boot-starter\3.3.4\spring-boot-starter-3.3.4.jar;C:\Users\laksh\.m2\repository\org\springframework\boot\spring-boot-starter-logging\3.3.4\spring-boot-starter-logging-3.3.4.jar;C:\Users\laksh\.m2\repository\ch\qos\logback\logback-classic\1.5.8\logback-classic-1.5.8.jar;C:\Users\laksh\.m2\repository\ch\qos\logback\logback-core\1.5.8\logback-core-1.5.8.jar;C:\Users\laksh\.m2\repository\org\apache\logging\log4j\log4j-to-slf4j\2.23.1\log4j-to-slf4j-2.23.1.jar;C:\Users\laksh\.m2\repository\org\apache\logging\log4j\log4j-api\2.23.1\log4j-api-2.23.1.jar;C:\Users\laksh\.m2\repository\org\slf4j\jul-to-slf4j\2.0.16\jul-to-slf4j-2.0.16.jar;C:\Users\laksh\.m2\repository\org\yaml\snakeyaml\2.2\snakeyaml-2.2.jar
Launcher Type: SUN_STANDARD

[Global flags]
     intx CICompilerCount                          = 3                                         {product} {ergonomic}
     uint ConcGCThreads                            = 1                                         {product} {ergonomic}
     uint G1ConcRefinementThreads                  = 4                                         {product} {ergonomic}
   size_t G1HeapRegionSize                         = 1048576                                   {product} {ergonomic}
    uintx GCDrainStackTargetSize                   = 64                                        {product} {ergonomic}
   size_t InitialHeapSize                          = 130023424                                 {product} {ergonomic}
     bool ManagementServer                         = true                                      {product} {command line}
   size_t MarkStackSize                            = 4194304                                   {product} {ergonomic}
   size_t MaxHeapSize                              = 2080374784                                {product} {ergonomic}
   size_t MaxNewSize                               = 1247805440                                {product} {ergonomic}
   size_t MinHeapDeltaBytes                        = 1048576                                   {product} {ergonomic}
   size_t MinHeapSize                              = 8388608                                   {product} {ergonomic}
    uintx NonNMethodCodeHeapSize                   = 4096                                   {pd product} {ergonomic}
    uintx NonProfiledCodeHeapSize                  = 0                                      {pd product} {ergonomic}
     bool ProfileInterpreter                       = false                                  {pd product} {command line}
    uintx ProfiledCodeHeapSize                     = 0                                      {pd product} {ergonomic}
     bool ShowCodeDetailsInExceptionMessages       = true                                   {manageable} {command line}
   size_t SoftMaxHeapSize                          = 2080374784                             {manageable} {ergonomic}
     intx TieredStopAtLevel                        = 1                                         {product} {command line}
     bool UseCompressedOops                        = true                           {product lp64_product} {ergonomic}
     bool UseG1GC                                  = true                                      {product} {ergonomic}
     bool UseLargePagesIndividualAllocation        = false                                  {pd product} {ergonomic}

Logging:
Log output configuration:
 #0: stdout all=warning uptime,level,tags foldmultilines=false
 #1: stderr all=off uptime,level,tags foldmultilines=false

Environment Variables:
JAVA_HOME=C:\Program Files\Java\jdk-21
PATH=C:\Users\laksh\Desktop\sts\sts-4.30.0.RELEASE\plugins\org.eclipse.justj.openjdk.hotspot.jre.full.win32.x86_64_21.0.6.v20250130-0529\jre\bin;C:/Users/laksh/Desktop/sts/sts-4.30.0.RELEASE//plugins/org.eclipse.justj.openjdk.hotspot.jre.full.win32.x86_64_21.0.6.v20250130-0529/jre/bin/server;C:/Users/laksh/Desktop/sts/sts-4.30.0.RELEASE//plugins/org.eclipse.justj.openjdk.hotspot.jre.full.win32.x86_64_21.0.6.v20250130-0529/jre/bin;C:\Program Files\Java\jdk-21\bin;D:\Oracle\WINDOWS.X64_193000_db_home\bin;C:\WINDOWS\system32;C:\WINDOWS;C:\WINDOWS\System32\Wbem;C:\WINDOWS\System32\WindowsPowerShell\v1.0\;C:\WINDOWS\System32\OpenSSH\;C:\ProgramData\chocolatey\bin;C:\Program Files\Git\cmd;C:\Program Files\Microsoft SQL Server\Client SDK\ODBC\170\Tools\Binn\;C:\Program Files (x86)\Microsoft SQL Server\150\Tools\Binn\;C:\Program Files\Microsoft SQL Server\150\Tools\Binn\;C:\Program Files\Microsoft SQL Server\150\DTS\Binn\;C:\Program Files\Azure Data Studio\bin;C:\apache-maven-3.8.6\bin;C:\Program Files\nodejs\;C:\Program Files\PuTTY\;C:\Program Files\dotnet\;C:\Users\laksh\AppData\Local\Microsoft\WindowsApps;C:\Users\laksh\AppData\Local\Programs\Microsoft VS Code\bin;C:\Program Files\Azure Data Studio\bin;C:\Users\laksh\AppData\Roaming\npm;C:\Users\laksh\AppData\Local\GitHubDesktop\bin;C:\Program Files\Java\jdk-21\bin;;C:\Users\laksh\Desktop\sts\sts-4.30.0.RELEASE;
USERNAME=laksh
OS=Windows_NT
PROCESSOR_IDENTIFIER=Intel64 Family 6 Model 140 Stepping 1, GenuineIntel
TMP=C:\Users\laksh\AppData\Local\Temp
TEMP=C:\Users\laksh\AppData\Local\Temp




Periodic native trim disabled

---------------  S Y S T E M  ---------------

OS:
 Windows 11 , 64 bit Build 26100 (10.0.26100.3323)
OS uptime: 3 days 20:10 hours

CPU: total 4 (initial active 4) (2 cores per cpu, 2 threads per core) family 6 model 140 stepping 1 microcode 0xac, cx8, cmov, fxsr, ht, mmx, 3dnowpref, sse, sse2, sse3, ssse3, sse4.1, sse4.2, popcnt, lzcnt, tsc, tscinvbit, avx, avx2, aes, erms, clmul, bmi1, bmi2, adx, avx512f, avx512dq, avx512cd, avx512bw, avx512vl, sha, fma, vzeroupper, avx512_vpopcntdq, avx512_vpclmulqdq, avx512_vaes, avx512_vnni, clflush, clflushopt, clwb, avx512_vbmi2, avx512_vbmi, rdtscp, rdpid, fsrm, gfni, avx512_bitalg, f16c, pku, cet_ibt, cet_ss, avx512_ifma
Processor Information for processor 0
  Max Mhz: 2995, Current Mhz: 2995, Mhz Limit: 2995
Processor Information for processor 1
  Max Mhz: 2995, Current Mhz: 2995, Mhz Limit: 2995
Processor Information for processor 2
  Max Mhz: 2995, Current Mhz: 2995, Mhz Limit: 2995
Processor Information for processor 3
  Max Mhz: 2995, Current Mhz: 1198, Mhz Limit: 2995

Memory: 4k page, system-wide physical 7932M (1072M free)
TotalPageFile size 25298M (AvailPageFile size 9655M)
current process WorkingSet (physical memory assigned to process): 312M, peak: 326M
current process commit charge ("private bytes"): 377M, peak: 387M

vm_info: OpenJDK 64-Bit Server VM (21.0.6+7-LTS) for windows-amd64 JRE (21.0.6+7-LTS), built on 2025-01-21T00:00:00Z by "admin" with MS VC++ 17.7 (VS2022)

END.
